11-Jan-2024 08:51:15.540 INFO [main] org.apache.catalina.startup.VersionLoggerListener.log Nombre de la versión del servidor: Apache Tomcat/9.0.84
11-Jan-2024 08:51:15.544 INFO [main] org.apache.catalina.startup.VersionLoggerListener.log Server built:                      Dec 7 2023 19:27:40 UTC
11-Jan-2024 08:51:15.545 INFO [main] org.apache.catalina.startup.VersionLoggerListener.log Número de versión de servidor:     9.0.84.0
11-Jan-2024 08:51:15.545 INFO [main] org.apache.catalina.startup.VersionLoggerListener.log OS Name:                           Windows 10
11-Jan-2024 08:51:15.545 INFO [main] org.apache.catalina.startup.VersionLoggerListener.log Versión de Systema Operativo:      10.0
11-Jan-2024 08:51:15.545 INFO [main] org.apache.catalina.startup.VersionLoggerListener.log Arquitectura:                      amd64
11-Jan-2024 08:51:15.545 INFO [main] org.apache.catalina.startup.VersionLoggerListener.log Java Home:                         C:\Program Files\Java\jdk-20
11-Jan-2024 08:51:15.545 INFO [main] org.apache.catalina.startup.VersionLoggerListener.log JVM Version:                       20.0.2+9-78
11-Jan-2024 08:51:15.545 INFO [main] org.apache.catalina.startup.VersionLoggerListener.log Vededor JVM:                       Oracle Corporation
11-Jan-2024 08:51:15.545 INFO [main] org.apache.catalina.startup.VersionLoggerListener.log CATALINA_BASE:                     F:\Despliegue-Aplicaciones-Web\apache-tomcat-9.0.84
11-Jan-2024 08:51:15.545 INFO [main] org.apache.catalina.startup.VersionLoggerListener.log CATALINA_HOME:                     F:\Despliegue-Aplicaciones-Web\apache-tomcat-9.0.84
11-Jan-2024 08:51:15.556 INFO [main] org.apache.catalina.startup.VersionLoggerListener.log Command line argument:             --add-opens=java.base/java.lang=ALL-UNNAMED
11-Jan-2024 08:51:15.556 INFO [main] org.apache.catalina.startup.VersionLoggerListener.log Command line argument:             --add-opens=java.base/java.io=ALL-UNNAMED
11-Jan-2024 08:51:15.556 INFO [main] org.apache.catalina.startup.VersionLoggerListener.log Command line argument:             --add-opens=java.base/java.util=ALL-UNNAMED
11-Jan-2024 08:51:15.557 INFO [main] org.apache.catalina.startup.VersionLoggerListener.log Command line argument:             --add-opens=java.base/java.util.concurrent=ALL-UNNAMED
11-Jan-2024 08:51:15.557 INFO [main] org.apache.catalina.startup.VersionLoggerListener.log Command line argument:             --add-opens=java.rmi/sun.rmi.transport=ALL-UNNAMED
11-Jan-2024 08:51:15.557 INFO [main] org.apache.catalina.startup.VersionLoggerListener.log Command line argument:             -Djava.util.logging.config.file=F:\Despliegue-Aplicaciones-Web\apache-tomcat-9.0.84\conf\logging.properties
11-Jan-2024 08:51:15.557 INFO [main] org.apache.catalina.startup.VersionLoggerListener.log Command line argument:             -Djava.util.logging.manager=org.apache.juli.ClassLoaderLogManager
11-Jan-2024 08:51:15.557 INFO [main] org.apache.catalina.startup.VersionLoggerListener.log Command line argument:             -Djdk.tls.ephemeralDHKeySize=2048
11-Jan-2024 08:51:15.557 INFO [main] org.apache.catalina.startup.VersionLoggerListener.log Command line argument:             -Djava.protocol.handler.pkgs=org.apache.catalina.webresources
11-Jan-2024 08:51:15.557 INFO [main] org.apache.catalina.startup.VersionLoggerListener.log Command line argument:             -Dignore.endorsed.dirs=
11-Jan-2024 08:51:15.557 INFO [main] org.apache.catalina.startup.VersionLoggerListener.log Command line argument:             -Dcatalina.base=F:\Despliegue-Aplicaciones-Web\apache-tomcat-9.0.84
11-Jan-2024 08:51:15.557 INFO [main] org.apache.catalina.startup.VersionLoggerListener.log Command line argument:             -Dcatalina.home=F:\Despliegue-Aplicaciones-Web\apache-tomcat-9.0.84
11-Jan-2024 08:51:15.558 INFO [main] org.apache.catalina.startup.VersionLoggerListener.log Command line argument:             -Djava.io.tmpdir=F:\Despliegue-Aplicaciones-Web\apache-tomcat-9.0.84\temp
11-Jan-2024 08:51:15.565 INFO [main] org.apache.catalina.core.AprLifecycleListener.lifecycleEvent La biblioteca nativa de Apache Tomcat basada en ARP que permite un rendimiento óptimo en entornos de desarrollo no ha sido hallada en java.library.path: [C:\Program Files\Java\jdk-20\bin;C:\Windows\Sun\Java\bin;C:\Windows\system32;C:\Windows;C:\Program Files\Common Files\Oracle\Java\javapath;C:\Program Files (x86)\VMware\VMware Workstation\bin\;C:\Windows\system32;C:\Windows;C:\Windows\System32\Wbem;C:\Windows\System32\WindowsPowerShell\v1.0\;C:\Windows\System32\OpenSSH\;C:\Program Files\Microsoft VS Code\bin;C:\Program Files\Git\cmd;C:\Users\Anibal\AppData\Local\Microsoft\WindowsApps;C:\Users\Anibal\AppData\Local\GitHubDesktop\bin;.]
11-Jan-2024 08:51:16.240 INFO [main] org.apache.coyote.AbstractProtocol.init Inicializando el manejador de protocolo ["http-nio-8080"]

11-Jan-2024 08:51:16.284 INFO [main] org.apache.catalina.startup.Catalina.load Server initialization in [1492] milliseconds
11-Jan-2024 08:51:16.395 INFO [main] org.apache.catalina.core.StandardService.startInternal Arrancando servicio [Catalina]
11-Jan-2024 08:51:16.395 INFO [main] org.apache.catalina.core.StandardEngine.startInternal Starting Servlet engine: [Apache Tomcat/9.0.84]
11-Jan-2024 08:51:16.420 INFO [main] org.apache.catalina.startup.HostConfig.deployDescriptor Desplieque del descriptor de configuración [F:\Despliegue-Aplicaciones-Web\apache-tomcat-9.0.84\conf\Catalina\localhost\prueba-juego.xml]
11-Jan-2024 08:51:16.497 WARNING [main] org.apache.catalina.startup.HostConfig.deployDescriptor The path attribute with value [/prueba-juego] in deployment descriptor [F:\Despliegue-Aplicaciones-Web\apache-tomcat-9.0.84\conf\Catalina\localhost\prueba-juego.xml] has been ignored
11-Jan-2024 08:51:16.659 SEVERE [main] org.apache.catalina.startup.HostConfig.deployDescriptor Error durante el despliegue del descriptor de configuración [F:\Despliegue-Aplicaciones-Web\apache-tomcat-9.0.84\conf\Catalina\localhost\prueba-juego.xml]
	java.lang.IllegalStateException: Error starting child
		at org.apache.catalina.core.ContainerBase.addChildInternal(ContainerBase.java:686)
		at org.apache.catalina.core.ContainerBase.addChild(ContainerBase.java:658)
		at org.apache.catalina.core.StandardHost.addChild(StandardHost.java:661)
		at org.apache.catalina.startup.HostConfig.deployDescriptor(HostConfig.java:691)
		at org.apache.catalina.startup.HostConfig$DeployDescriptor.run(HostConfig.java:1897)
		at java.base/java.util.concurrent.Executors$RunnableAdapter.call(Executors.java:577)
		at java.base/java.util.concurrent.FutureTask.run(FutureTask.java:317)
		at org.apache.tomcat.util.threads.InlineExecutorService.execute(InlineExecutorService.java:75)
		at java.base/java.util.concurrent.AbstractExecutorService.submit(AbstractExecutorService.java:123)
		at org.apache.catalina.startup.HostConfig.deployDescriptors(HostConfig.java:584)
		at org.apache.catalina.startup.HostConfig.deployApps(HostConfig.java:474)
		at org.apache.catalina.startup.HostConfig.start(HostConfig.java:1619)
		at org.apache.catalina.startup.HostConfig.lifecycleEvent(HostConfig.java:318)
		at org.apache.catalina.util.LifecycleBase.fireLifecycleEvent(LifecycleBase.java:114)
		at org.apache.catalina.util.LifecycleBase.setStateInternal(LifecycleBase.java:402)
		at org.apache.catalina.util.LifecycleBase.setState(LifecycleBase.java:345)
		at org.apache.catalina.core.ContainerBase.startInternal(ContainerBase.java:893)
		at org.apache.catalina.core.StandardHost.startInternal(StandardHost.java:794)
		at org.apache.catalina.util.LifecycleBase.start(LifecycleBase.java:171)
		at org.apache.catalina.core.ContainerBase$StartChild.call(ContainerBase.java:1332)
		at org.apache.catalina.core.ContainerBase$StartChild.call(ContainerBase.java:1322)
		at java.base/java.util.concurrent.FutureTask.run(FutureTask.java:317)
		at org.apache.tomcat.util.threads.InlineExecutorService.execute(InlineExecutorService.java:75)
		at java.base/java.util.concurrent.AbstractExecutorService.submit(AbstractExecutorService.java:145)
		at org.apache.catalina.core.ContainerBase.startInternal(ContainerBase.java:866)
		at org.apache.catalina.core.StandardEngine.startInternal(StandardEngine.java:248)
		at org.apache.catalina.util.LifecycleBase.start(LifecycleBase.java:171)
		at org.apache.catalina.core.StandardService.startInternal(StandardService.java:433)
		at org.apache.catalina.util.LifecycleBase.start(LifecycleBase.java:171)
		at org.apache.catalina.core.StandardServer.startInternal(StandardServer.java:921)
		at org.apache.catalina.util.LifecycleBase.start(LifecycleBase.java:171)
		at org.apache.catalina.startup.Catalina.start(Catalina.java:772)
		at java.base/jdk.internal.reflect.DirectMethodHandleAccessor.invoke(DirectMethodHandleAccessor.java:104)
		at java.base/java.lang.reflect.Method.invoke(Method.java:578)
		at org.apache.catalina.startup.Bootstrap.start(Bootstrap.java:347)
		at org.apache.catalina.startup.Bootstrap.main(Bootstrap.java:478)
	Caused by: org.apache.catalina.LifecycleException: Failed to start component [org.apache.catalina.webresources.StandardRoot@a37aefe]
		at org.apache.catalina.util.LifecycleBase.handleSubClassException(LifecycleBase.java:419)
		at org.apache.catalina.util.LifecycleBase.start(LifecycleBase.java:186)
		at org.apache.catalina.core.StandardContext.resourcesStart(StandardContext.java:4575)
		at org.apache.catalina.core.StandardContext.startInternal(StandardContext.java:4708)
		at org.apache.catalina.util.LifecycleBase.start(LifecycleBase.java:171)
		at org.apache.catalina.core.ContainerBase.addChildInternal(ContainerBase.java:683)
		... 35 more
	Caused by: java.lang.IllegalArgumentException: The main resource set specified [C:\Users\aniba\Desktop\Despliegue-Aplicaciones-Web\prueba-juego\build\web] is not a directory or war file, or is not readable (it does not exist or permissions to access it are missing)
		at org.apache.catalina.webresources.StandardRoot.createMainResourceSet(StandardRoot.java:749)
		at org.apache.catalina.webresources.StandardRoot.startInternal(StandardRoot.java:707)
		at org.apache.catalina.util.LifecycleBase.start(LifecycleBase.java:171)
		... 39 more
11-Jan-2024 08:51:16.694 INFO [main] org.apache.catalina.startup.HostConfig.deployDescriptor Deployment of deployment descriptor [F:\Despliegue-Aplicaciones-Web\apache-tomcat-9.0.84\conf\Catalina\localhost\prueba-juego.xml] has finished in [269] ms
11-Jan-2024 08:51:16.695 INFO [main] org.apache.catalina.startup.HostConfig.deployDescriptor Desplieque del descriptor de configuración [F:\Despliegue-Aplicaciones-Web\apache-tomcat-9.0.84\conf\Catalina\localhost\tienda-GAME.xml]
11-Jan-2024 08:51:16.704 WARNING [main] org.apache.catalina.startup.HostConfig.deployDescriptor The path attribute with value [/tienda-GAME] in deployment descriptor [F:\Despliegue-Aplicaciones-Web\apache-tomcat-9.0.84\conf\Catalina\localhost\tienda-GAME.xml] has been ignored
11-Jan-2024 08:51:17.930 INFO [main] org.apache.jasper.servlet.TldScanner.scanJars Al menos un JAR, que se ha explorado buscando TLDs, aún no contenía TLDs. Activar historial de depuración para este historiador para una completa lista de los JARs que fueron explorados y de los que nos se halló TLDs. Saltarse JARs no necesarios durante la exploración puede dar lugar a una mejora de tiempo significativa en el arranque y compilación de JSP .
11-Jan-2024 08:51:18.252 INFO [main] org.apache.catalina.startup.HostConfig.deployDescriptor Deployment of deployment descriptor [F:\Despliegue-Aplicaciones-Web\apache-tomcat-9.0.84\conf\Catalina\localhost\tienda-GAME.xml] has finished in [1.557] ms
11-Jan-2024 08:51:18.252 INFO [main] org.apache.catalina.startup.HostConfig.deployDescriptor Desplieque del descriptor de configuración [F:\Despliegue-Aplicaciones-Web\apache-tomcat-9.0.84\conf\Catalina\localhost\tienda-videojuegos.xml]
11-Jan-2024 08:51:18.254 WARNING [main] org.apache.catalina.startup.HostConfig.deployDescriptor The path attribute with value [/tienda-videojuegos] in deployment descriptor [F:\Despliegue-Aplicaciones-Web\apache-tomcat-9.0.84\conf\Catalina\localhost\tienda-videojuegos.xml] has been ignored
11-Jan-2024 08:51:18.255 WARNING [main] org.apache.catalina.startup.HostConfig.deployDescriptor Se ha especificado un docBase [F:\Despliegue-Aplicaciones-Web\apache-tomcat-9.0.84\webapps\home\apg\Desktop\Despliegue-Aplicaciones-Web\tienda-videojuegos\build\web] dentro del appBase de la máquina y será ignorado
11-Jan-2024 08:51:18.260 SEVERE [main] org.apache.catalina.startup.HostConfig.deployDescriptor Error durante el despliegue del descriptor de configuración [F:\Despliegue-Aplicaciones-Web\apache-tomcat-9.0.84\conf\Catalina\localhost\tienda-videojuegos.xml]
	java.lang.IllegalStateException: Error starting child
		at org.apache.catalina.core.ContainerBase.addChildInternal(ContainerBase.java:686)
		at org.apache.catalina.core.ContainerBase.addChild(ContainerBase.java:658)
		at org.apache.catalina.core.StandardHost.addChild(StandardHost.java:661)
		at org.apache.catalina.startup.HostConfig.deployDescriptor(HostConfig.java:691)
		at org.apache.catalina.startup.HostConfig$DeployDescriptor.run(HostConfig.java:1897)
		at java.base/java.util.concurrent.Executors$RunnableAdapter.call(Executors.java:577)
		at java.base/java.util.concurrent.FutureTask.run(FutureTask.java:317)
		at org.apache.tomcat.util.threads.InlineExecutorService.execute(InlineExecutorService.java:75)
		at java.base/java.util.concurrent.AbstractExecutorService.submit(AbstractExecutorService.java:123)
		at org.apache.catalina.startup.HostConfig.deployDescriptors(HostConfig.java:584)
		at org.apache.catalina.startup.HostConfig.deployApps(HostConfig.java:474)
		at org.apache.catalina.startup.HostConfig.start(HostConfig.java:1619)
		at org.apache.catalina.startup.HostConfig.lifecycleEvent(HostConfig.java:318)
		at org.apache.catalina.util.LifecycleBase.fireLifecycleEvent(LifecycleBase.java:114)
		at org.apache.catalina.util.LifecycleBase.setStateInternal(LifecycleBase.java:402)
		at org.apache.catalina.util.LifecycleBase.setState(LifecycleBase.java:345)
		at org.apache.catalina.core.ContainerBase.startInternal(ContainerBase.java:893)
		at org.apache.catalina.core.StandardHost.startInternal(StandardHost.java:794)
		at org.apache.catalina.util.LifecycleBase.start(LifecycleBase.java:171)
		at org.apache.catalina.core.ContainerBase$StartChild.call(ContainerBase.java:1332)
		at org.apache.catalina.core.ContainerBase$StartChild.call(ContainerBase.java:1322)
		at java.base/java.util.concurrent.FutureTask.run(FutureTask.java:317)
		at org.apache.tomcat.util.threads.InlineExecutorService.execute(InlineExecutorService.java:75)
		at java.base/java.util.concurrent.AbstractExecutorService.submit(AbstractExecutorService.java:145)
		at org.apache.catalina.core.ContainerBase.startInternal(ContainerBase.java:866)
		at org.apache.catalina.core.StandardEngine.startInternal(StandardEngine.java:248)
		at org.apache.catalina.util.LifecycleBase.start(LifecycleBase.java:171)
		at org.apache.catalina.core.StandardService.startInternal(StandardService.java:433)
		at org.apache.catalina.util.LifecycleBase.start(LifecycleBase.java:171)
		at org.apache.catalina.core.StandardServer.startInternal(StandardServer.java:921)
		at org.apache.catalina.util.LifecycleBase.start(LifecycleBase.java:171)
		at org.apache.catalina.startup.Catalina.start(Catalina.java:772)
		at java.base/jdk.internal.reflect.DirectMethodHandleAccessor.invoke(DirectMethodHandleAccessor.java:104)
		at java.base/java.lang.reflect.Method.invoke(Method.java:578)
		at org.apache.catalina.startup.Bootstrap.start(Bootstrap.java:347)
		at org.apache.catalina.startup.Bootstrap.main(Bootstrap.java:478)
	Caused by: org.apache.catalina.LifecycleException: Failed to start component [org.apache.catalina.webresources.StandardRoot@644abb8f]
		at org.apache.catalina.util.LifecycleBase.handleSubClassException(LifecycleBase.java:419)
		at org.apache.catalina.util.LifecycleBase.start(LifecycleBase.java:186)
		at org.apache.catalina.core.StandardContext.resourcesStart(StandardContext.java:4575)
		at org.apache.catalina.core.StandardContext.startInternal(StandardContext.java:4708)
		at org.apache.catalina.util.LifecycleBase.start(LifecycleBase.java:171)
		at org.apache.catalina.core.ContainerBase.addChildInternal(ContainerBase.java:683)
		... 35 more
	Caused by: java.lang.IllegalArgumentException: The main resource set specified [F:\Despliegue-Aplicaciones-Web\apache-tomcat-9.0.84\webapps\tienda-videojuegos] is not a directory or war file, or is not readable (it does not exist or permissions to access it are missing)
		at org.apache.catalina.webresources.StandardRoot.createMainResourceSet(StandardRoot.java:749)
		at org.apache.catalina.webresources.StandardRoot.startInternal(StandardRoot.java:707)
		at org.apache.catalina.util.LifecycleBase.start(LifecycleBase.java:171)
		... 39 more
11-Jan-2024 08:51:18.269 INFO [main] org.apache.catalina.startup.HostConfig.deployDescriptor Deployment of deployment descriptor [F:\Despliegue-Aplicaciones-Web\apache-tomcat-9.0.84\conf\Catalina\localhost\tienda-videojuegos.xml] has finished in [17] ms
11-Jan-2024 08:51:18.270 INFO [main] org.apache.catalina.startup.HostConfig.deployDirectory Desplegando el directorio [F:\Despliegue-Aplicaciones-Web\apache-tomcat-9.0.84\webapps\docs] de la aplicación web
11-Jan-2024 08:51:18.359 INFO [main] org.apache.catalina.startup.HostConfig.deployDirectory Deployment of web application directory [F:\Despliegue-Aplicaciones-Web\apache-tomcat-9.0.84\webapps\docs] has finished in [89] ms
11-Jan-2024 08:51:18.359 INFO [main] org.apache.catalina.startup.HostConfig.deployDirectory Desplegando el directorio [F:\Despliegue-Aplicaciones-Web\apache-tomcat-9.0.84\webapps\examples] de la aplicación web
11-Jan-2024 08:51:19.865 INFO [main] org.apache.catalina.startup.HostConfig.deployDirectory Deployment of web application directory [F:\Despliegue-Aplicaciones-Web\apache-tomcat-9.0.84\webapps\examples] has finished in [1.506] ms
11-Jan-2024 08:51:19.866 INFO [main] org.apache.catalina.startup.HostConfig.deployDirectory Desplegando el directorio [F:\Despliegue-Aplicaciones-Web\apache-tomcat-9.0.84\webapps\host-manager] de la aplicación web
11-Jan-2024 08:51:19.911 INFO [main] org.apache.catalina.startup.HostConfig.deployDirectory Deployment of web application directory [F:\Despliegue-Aplicaciones-Web\apache-tomcat-9.0.84\webapps\host-manager] has finished in [45] ms
11-Jan-2024 08:51:19.911 INFO [main] org.apache.catalina.startup.HostConfig.deployDirectory Desplegando el directorio [F:\Despliegue-Aplicaciones-Web\apache-tomcat-9.0.84\webapps\manager] de la aplicación web
11-Jan-2024 08:51:19.965 INFO [main] org.apache.catalina.startup.HostConfig.deployDirectory Deployment of web application directory [F:\Despliegue-Aplicaciones-Web\apache-tomcat-9.0.84\webapps\manager] has finished in [54] ms
11-Jan-2024 08:51:19.966 INFO [main] org.apache.catalina.startup.HostConfig.deployDirectory Desplegando el directorio [F:\Despliegue-Aplicaciones-Web\apache-tomcat-9.0.84\webapps\ROOT] de la aplicación web
11-Jan-2024 08:51:20.033 INFO [main] org.apache.catalina.startup.HostConfig.deployDirectory Deployment of web application directory [F:\Despliegue-Aplicaciones-Web\apache-tomcat-9.0.84\webapps\ROOT] has finished in [68] ms
11-Jan-2024 08:51:20.038 INFO [main] org.apache.coyote.AbstractProtocol.start Starting ProtocolHandler ["http-nio-8080"]
11-Jan-2024 08:51:20.084 INFO [main] org.apache.catalina.startup.Catalina.start Server startup in [3798] milliseconds
11-Jan-2024 10:31:35.643 INFO [main] org.apache.catalina.core.StandardServer.await Se ha recibido un comando de apagado a través del puerto de apagado. Parando la instancia del Servidor.
11-Jan-2024 10:31:35.644 INFO [main] org.apache.coyote.AbstractProtocol.pause Pausing ProtocolHandler ["http-nio-8080"]
11-Jan-2024 10:31:35.651 INFO [main] org.apache.catalina.core.StandardService.stopInternal Parando servicio [Catalina]
11-Jan-2024 10:31:35.984 WARNING [main] org.apache.catalina.loader.WebappClassLoaderBase.clearReferencesJdbc La aplicación web [tienda-GAME] registró el conductor JDBC [com.mysql.cj.jdbc.Driver] pero falló al anular el registro mientras la aplicación web estaba parada. Para prevenir un fallo de memoria, se ha anulado el registro del conductor JDBC por la fuerza.
11-Jan-2024 10:31:35.984 WARNING [main] org.apache.catalina.loader.WebappClassLoaderBase.clearReferencesThreads The web application [tienda-GAME] appears to have started a thread named [mysql-cj-abandoned-connection-cleanup] but has failed to stop it. This is very likely to create a memory leak. Stack trace of thread:
 java.base/jdk.internal.misc.Unsafe.park(Native Method)
 java.base/java.util.concurrent.locks.LockSupport.parkNanos(LockSupport.java:269)
 java.base/java.util.concurrent.locks.AbstractQueuedSynchronizer$ConditionObject.await(AbstractQueuedSynchronizer.java:1847)
 java.base/java.lang.ref.ReferenceQueue.await(ReferenceQueue.java:71)
 java.base/java.lang.ref.ReferenceQueue.remove0(ReferenceQueue.java:143)
 java.base/java.lang.ref.ReferenceQueue.remove(ReferenceQueue.java:218)
 com.mysql.cj.jdbc.AbandonedConnectionCleanupThread.run(AbandonedConnectionCleanupThread.java:91)
 java.base/java.util.concurrent.ThreadPoolExecutor.runWorker(ThreadPoolExecutor.java:1144)
 java.base/java.util.concurrent.ThreadPoolExecutor$Worker.run(ThreadPoolExecutor.java:642)
 java.base/java.lang.Thread.run(Thread.java:1623)
11-Jan-2024 10:31:35.994 INFO [main] org.apache.coyote.AbstractProtocol.stop Stopping ProtocolHandler ["http-nio-8080"]
11-Jan-2024 10:31:36.012 INFO [main] org.apache.coyote.AbstractProtocol.destroy Destroying ProtocolHandler ["http-nio-8080"]
