08-Jan-2024 09:07:39.630 INFO [main] org.apache.catalina.startup.VersionLoggerListener.log Nombre de la versión del servidor: Apache Tomcat/9.0.84
08-Jan-2024 09:07:39.634 INFO [main] org.apache.catalina.startup.VersionLoggerListener.log Server built:                      Dec 7 2023 19:27:40 UTC
08-Jan-2024 09:07:39.634 INFO [main] org.apache.catalina.startup.VersionLoggerListener.log Número de versión de servidor:     9.0.84.0
08-Jan-2024 09:07:39.634 INFO [main] org.apache.catalina.startup.VersionLoggerListener.log OS Name:                           Windows 10
08-Jan-2024 09:07:39.634 INFO [main] org.apache.catalina.startup.VersionLoggerListener.log Versión de Systema Operativo:      10.0
08-Jan-2024 09:07:39.634 INFO [main] org.apache.catalina.startup.VersionLoggerListener.log Arquitectura:                      amd64
08-Jan-2024 09:07:39.634 INFO [main] org.apache.catalina.startup.VersionLoggerListener.log Java Home:                         C:\Program Files\Java\jdk-20
08-Jan-2024 09:07:39.634 INFO [main] org.apache.catalina.startup.VersionLoggerListener.log JVM Version:                       20.0.2+9-78
08-Jan-2024 09:07:39.634 INFO [main] org.apache.catalina.startup.VersionLoggerListener.log Vededor JVM:                       Oracle Corporation
08-Jan-2024 09:07:39.634 INFO [main] org.apache.catalina.startup.VersionLoggerListener.log CATALINA_BASE:                     F:\Despliegue-Aplicaciones-Web\apache-tomcat-9.0.84
08-Jan-2024 09:07:39.635 INFO [main] org.apache.catalina.startup.VersionLoggerListener.log CATALINA_HOME:                     F:\Despliegue-Aplicaciones-Web\apache-tomcat-9.0.84
08-Jan-2024 09:07:39.648 INFO [main] org.apache.catalina.startup.VersionLoggerListener.log Command line argument:             --add-opens=java.base/java.lang=ALL-UNNAMED
08-Jan-2024 09:07:39.648 INFO [main] org.apache.catalina.startup.VersionLoggerListener.log Command line argument:             --add-opens=java.base/java.io=ALL-UNNAMED
08-Jan-2024 09:07:39.648 INFO [main] org.apache.catalina.startup.VersionLoggerListener.log Command line argument:             --add-opens=java.base/java.util=ALL-UNNAMED
08-Jan-2024 09:07:39.648 INFO [main] org.apache.catalina.startup.VersionLoggerListener.log Command line argument:             --add-opens=java.base/java.util.concurrent=ALL-UNNAMED
08-Jan-2024 09:07:39.648 INFO [main] org.apache.catalina.startup.VersionLoggerListener.log Command line argument:             --add-opens=java.rmi/sun.rmi.transport=ALL-UNNAMED
08-Jan-2024 09:07:39.649 INFO [main] org.apache.catalina.startup.VersionLoggerListener.log Command line argument:             -Djava.util.logging.config.file=F:\Despliegue-Aplicaciones-Web\apache-tomcat-9.0.84\conf\logging.properties
08-Jan-2024 09:07:39.649 INFO [main] org.apache.catalina.startup.VersionLoggerListener.log Command line argument:             -Djava.util.logging.manager=org.apache.juli.ClassLoaderLogManager
08-Jan-2024 09:07:39.649 INFO [main] org.apache.catalina.startup.VersionLoggerListener.log Command line argument:             -Djdk.tls.ephemeralDHKeySize=2048
08-Jan-2024 09:07:39.649 INFO [main] org.apache.catalina.startup.VersionLoggerListener.log Command line argument:             -Djava.protocol.handler.pkgs=org.apache.catalina.webresources
08-Jan-2024 09:07:39.649 INFO [main] org.apache.catalina.startup.VersionLoggerListener.log Command line argument:             -Dignore.endorsed.dirs=
08-Jan-2024 09:07:39.649 INFO [main] org.apache.catalina.startup.VersionLoggerListener.log Command line argument:             -Dcatalina.base=F:\Despliegue-Aplicaciones-Web\apache-tomcat-9.0.84
08-Jan-2024 09:07:39.649 INFO [main] org.apache.catalina.startup.VersionLoggerListener.log Command line argument:             -Dcatalina.home=F:\Despliegue-Aplicaciones-Web\apache-tomcat-9.0.84
08-Jan-2024 09:07:39.649 INFO [main] org.apache.catalina.startup.VersionLoggerListener.log Command line argument:             -Djava.io.tmpdir=F:\Despliegue-Aplicaciones-Web\apache-tomcat-9.0.84\temp
08-Jan-2024 09:07:39.657 INFO [main] org.apache.catalina.core.AprLifecycleListener.lifecycleEvent La biblioteca nativa de Apache Tomcat basada en ARP que permite un rendimiento óptimo en entornos de desarrollo no ha sido hallada en java.library.path: [C:\Program Files\Java\jdk-20\bin;C:\Windows\Sun\Java\bin;C:\Windows\system32;C:\Windows;C:\Program Files\Common Files\Oracle\Java\javapath;C:\Program Files (x86)\VMware\VMware Workstation\bin\;C:\Windows\system32;C:\Windows;C:\Windows\System32\Wbem;C:\Windows\System32\WindowsPowerShell\v1.0\;C:\Windows\System32\OpenSSH\;C:\Program Files\Microsoft VS Code\bin;C:\Program Files\Git\cmd;C:\Users\Anibal\AppData\Local\Microsoft\WindowsApps;C:\Users\Anibal\AppData\Local\GitHubDesktop\bin;.]
08-Jan-2024 09:07:40.381 INFO [main] org.apache.coyote.AbstractProtocol.init Inicializando el manejador de protocolo ["http-nio-8080"]

08-Jan-2024 09:07:40.454 INFO [main] org.apache.catalina.startup.Catalina.load Server initialization in [1134] milliseconds
08-Jan-2024 09:07:40.681 INFO [main] org.apache.catalina.core.StandardService.startInternal Arrancando servicio [Catalina]
08-Jan-2024 09:07:40.682 INFO [main] org.apache.catalina.core.StandardEngine.startInternal Starting Servlet engine: [Apache Tomcat/9.0.84]
08-Jan-2024 09:07:40.690 INFO [main] org.apache.catalina.startup.HostConfig.deployDescriptor Desplieque del descriptor de configuración [F:\Despliegue-Aplicaciones-Web\apache-tomcat-9.0.84\conf\Catalina\localhost\tienda-GAME.xml]
08-Jan-2024 09:07:40.703 WARNING [main] org.apache.catalina.startup.HostConfig.deployDescriptor The path attribute with value [/tienda-GAME] in deployment descriptor [F:\Despliegue-Aplicaciones-Web\apache-tomcat-9.0.84\conf\Catalina\localhost\tienda-GAME.xml] has been ignored
08-Jan-2024 09:07:40.810 SEVERE [main] org.apache.catalina.startup.HostConfig.deployDescriptor Error durante el despliegue del descriptor de configuración [F:\Despliegue-Aplicaciones-Web\apache-tomcat-9.0.84\conf\Catalina\localhost\tienda-GAME.xml]
	java.lang.IllegalStateException: Error starting child
		at org.apache.catalina.core.ContainerBase.addChildInternal(ContainerBase.java:686)
		at org.apache.catalina.core.ContainerBase.addChild(ContainerBase.java:658)
		at org.apache.catalina.core.StandardHost.addChild(StandardHost.java:661)
		at org.apache.catalina.startup.HostConfig.deployDescriptor(HostConfig.java:691)
		at org.apache.catalina.startup.HostConfig$DeployDescriptor.run(HostConfig.java:1897)
		at java.base/java.util.concurrent.Executors$RunnableAdapter.call(Executors.java:577)
		at java.base/java.util.concurrent.FutureTask.run(FutureTask.java:317)
		at org.apache.tomcat.util.threads.InlineExecutorService.execute(InlineExecutorService.java:75)
		at java.base/java.util.concurrent.AbstractExecutorService.submit(AbstractExecutorService.java:123)
		at org.apache.catalina.startup.HostConfig.deployDescriptors(HostConfig.java:584)
		at org.apache.catalina.startup.HostConfig.deployApps(HostConfig.java:474)
		at org.apache.catalina.startup.HostConfig.start(HostConfig.java:1619)
		at org.apache.catalina.startup.HostConfig.lifecycleEvent(HostConfig.java:318)
		at org.apache.catalina.util.LifecycleBase.fireLifecycleEvent(LifecycleBase.java:114)
		at org.apache.catalina.util.LifecycleBase.setStateInternal(LifecycleBase.java:402)
		at org.apache.catalina.util.LifecycleBase.setState(LifecycleBase.java:345)
		at org.apache.catalina.core.ContainerBase.startInternal(ContainerBase.java:893)
		at org.apache.catalina.core.StandardHost.startInternal(StandardHost.java:794)
		at org.apache.catalina.util.LifecycleBase.start(LifecycleBase.java:171)
		at org.apache.catalina.core.ContainerBase$StartChild.call(ContainerBase.java:1332)
		at org.apache.catalina.core.ContainerBase$StartChild.call(ContainerBase.java:1322)
		at java.base/java.util.concurrent.FutureTask.run(FutureTask.java:317)
		at org.apache.tomcat.util.threads.InlineExecutorService.execute(InlineExecutorService.java:75)
		at java.base/java.util.concurrent.AbstractExecutorService.submit(AbstractExecutorService.java:145)
		at org.apache.catalina.core.ContainerBase.startInternal(ContainerBase.java:866)
		at org.apache.catalina.core.StandardEngine.startInternal(StandardEngine.java:248)
		at org.apache.catalina.util.LifecycleBase.start(LifecycleBase.java:171)
		at org.apache.catalina.core.StandardService.startInternal(StandardService.java:433)
		at org.apache.catalina.util.LifecycleBase.start(LifecycleBase.java:171)
		at org.apache.catalina.core.StandardServer.startInternal(StandardServer.java:921)
		at org.apache.catalina.util.LifecycleBase.start(LifecycleBase.java:171)
		at org.apache.catalina.startup.Catalina.start(Catalina.java:772)
		at java.base/jdk.internal.reflect.DirectMethodHandleAccessor.invoke(DirectMethodHandleAccessor.java:104)
		at java.base/java.lang.reflect.Method.invoke(Method.java:578)
		at org.apache.catalina.startup.Bootstrap.start(Bootstrap.java:347)
		at org.apache.catalina.startup.Bootstrap.main(Bootstrap.java:478)
	Caused by: org.apache.catalina.LifecycleException: Failed to start component [org.apache.catalina.webresources.StandardRoot@6986852]
		at org.apache.catalina.util.LifecycleBase.handleSubClassException(LifecycleBase.java:419)
		at org.apache.catalina.util.LifecycleBase.start(LifecycleBase.java:186)
		at org.apache.catalina.core.StandardContext.resourcesStart(StandardContext.java:4575)
		at org.apache.catalina.core.StandardContext.startInternal(StandardContext.java:4708)
		at org.apache.catalina.util.LifecycleBase.start(LifecycleBase.java:171)
		at org.apache.catalina.core.ContainerBase.addChildInternal(ContainerBase.java:683)
		... 35 more
	Caused by: java.lang.IllegalArgumentException: The main resource set specified [C:\Users\aniba\Desktop\Despliegue-Aplicaciones-Web\tienda-GAME\build\web] is not a directory or war file, or is not readable (it does not exist or permissions to access it are missing)
		at org.apache.catalina.webresources.StandardRoot.createMainResourceSet(StandardRoot.java:749)
		at org.apache.catalina.webresources.StandardRoot.startInternal(StandardRoot.java:707)
		at org.apache.catalina.util.LifecycleBase.start(LifecycleBase.java:171)
		... 39 more
08-Jan-2024 09:07:40.840 INFO [main] org.apache.catalina.startup.HostConfig.deployDescriptor Deployment of deployment descriptor [F:\Despliegue-Aplicaciones-Web\apache-tomcat-9.0.84\conf\Catalina\localhost\tienda-GAME.xml] has finished in [145] ms
08-Jan-2024 09:07:40.840 INFO [main] org.apache.catalina.startup.HostConfig.deployDescriptor Desplieque del descriptor de configuración [F:\Despliegue-Aplicaciones-Web\apache-tomcat-9.0.84\conf\Catalina\localhost\tienda-videojuegos.xml]
08-Jan-2024 09:07:40.842 WARNING [main] org.apache.catalina.startup.HostConfig.deployDescriptor The path attribute with value [/tienda-videojuegos] in deployment descriptor [F:\Despliegue-Aplicaciones-Web\apache-tomcat-9.0.84\conf\Catalina\localhost\tienda-videojuegos.xml] has been ignored
08-Jan-2024 09:07:40.843 WARNING [main] org.apache.catalina.startup.HostConfig.deployDescriptor Se ha especificado un docBase [F:\Despliegue-Aplicaciones-Web\apache-tomcat-9.0.84\webapps\home\apg\Desktop\Despliegue-Aplicaciones-Web\tienda-videojuegos\build\web] dentro del appBase de la máquina y será ignorado
08-Jan-2024 09:07:40.851 SEVERE [main] org.apache.catalina.startup.HostConfig.deployDescriptor Error durante el despliegue del descriptor de configuración [F:\Despliegue-Aplicaciones-Web\apache-tomcat-9.0.84\conf\Catalina\localhost\tienda-videojuegos.xml]
	java.lang.IllegalStateException: Error starting child
		at org.apache.catalina.core.ContainerBase.addChildInternal(ContainerBase.java:686)
		at org.apache.catalina.core.ContainerBase.addChild(ContainerBase.java:658)
		at org.apache.catalina.core.StandardHost.addChild(StandardHost.java:661)
		at org.apache.catalina.startup.HostConfig.deployDescriptor(HostConfig.java:691)
		at org.apache.catalina.startup.HostConfig$DeployDescriptor.run(HostConfig.java:1897)
		at java.base/java.util.concurrent.Executors$RunnableAdapter.call(Executors.java:577)
		at java.base/java.util.concurrent.FutureTask.run(FutureTask.java:317)
		at org.apache.tomcat.util.threads.InlineExecutorService.execute(InlineExecutorService.java:75)
		at java.base/java.util.concurrent.AbstractExecutorService.submit(AbstractExecutorService.java:123)
		at org.apache.catalina.startup.HostConfig.deployDescriptors(HostConfig.java:584)
		at org.apache.catalina.startup.HostConfig.deployApps(HostConfig.java:474)
		at org.apache.catalina.startup.HostConfig.start(HostConfig.java:1619)
		at org.apache.catalina.startup.HostConfig.lifecycleEvent(HostConfig.java:318)
		at org.apache.catalina.util.LifecycleBase.fireLifecycleEvent(LifecycleBase.java:114)
		at org.apache.catalina.util.LifecycleBase.setStateInternal(LifecycleBase.java:402)
		at org.apache.catalina.util.LifecycleBase.setState(LifecycleBase.java:345)
		at org.apache.catalina.core.ContainerBase.startInternal(ContainerBase.java:893)
		at org.apache.catalina.core.StandardHost.startInternal(StandardHost.java:794)
		at org.apache.catalina.util.LifecycleBase.start(LifecycleBase.java:171)
		at org.apache.catalina.core.ContainerBase$StartChild.call(ContainerBase.java:1332)
		at org.apache.catalina.core.ContainerBase$StartChild.call(ContainerBase.java:1322)
		at java.base/java.util.concurrent.FutureTask.run(FutureTask.java:317)
		at org.apache.tomcat.util.threads.InlineExecutorService.execute(InlineExecutorService.java:75)
		at java.base/java.util.concurrent.AbstractExecutorService.submit(AbstractExecutorService.java:145)
		at org.apache.catalina.core.ContainerBase.startInternal(ContainerBase.java:866)
		at org.apache.catalina.core.StandardEngine.startInternal(StandardEngine.java:248)
		at org.apache.catalina.util.LifecycleBase.start(LifecycleBase.java:171)
		at org.apache.catalina.core.StandardService.startInternal(StandardService.java:433)
		at org.apache.catalina.util.LifecycleBase.start(LifecycleBase.java:171)
		at org.apache.catalina.core.StandardServer.startInternal(StandardServer.java:921)
		at org.apache.catalina.util.LifecycleBase.start(LifecycleBase.java:171)
		at org.apache.catalina.startup.Catalina.start(Catalina.java:772)
		at java.base/jdk.internal.reflect.DirectMethodHandleAccessor.invoke(DirectMethodHandleAccessor.java:104)
		at java.base/java.lang.reflect.Method.invoke(Method.java:578)
		at org.apache.catalina.startup.Bootstrap.start(Bootstrap.java:347)
		at org.apache.catalina.startup.Bootstrap.main(Bootstrap.java:478)
	Caused by: org.apache.catalina.LifecycleException: Failed to start component [org.apache.catalina.webresources.StandardRoot@57c03d88]
		at org.apache.catalina.util.LifecycleBase.handleSubClassException(LifecycleBase.java:419)
		at org.apache.catalina.util.LifecycleBase.start(LifecycleBase.java:186)
		at org.apache.catalina.core.StandardContext.resourcesStart(StandardContext.java:4575)
		at org.apache.catalina.core.StandardContext.startInternal(StandardContext.java:4708)
		at org.apache.catalina.util.LifecycleBase.start(LifecycleBase.java:171)
		at org.apache.catalina.core.ContainerBase.addChildInternal(ContainerBase.java:683)
		... 35 more
	Caused by: java.lang.IllegalArgumentException: The main resource set specified [F:\Despliegue-Aplicaciones-Web\apache-tomcat-9.0.84\webapps\tienda-videojuegos] is not a directory or war file, or is not readable (it does not exist or permissions to access it are missing)
		at org.apache.catalina.webresources.StandardRoot.createMainResourceSet(StandardRoot.java:749)
		at org.apache.catalina.webresources.StandardRoot.startInternal(StandardRoot.java:707)
		at org.apache.catalina.util.LifecycleBase.start(LifecycleBase.java:171)
		... 39 more
08-Jan-2024 09:07:41.190 INFO [main] org.apache.catalina.startup.HostConfig.deployDescriptor Deployment of deployment descriptor [F:\Despliegue-Aplicaciones-Web\apache-tomcat-9.0.84\conf\Catalina\localhost\tienda-videojuegos.xml] has finished in [350] ms
08-Jan-2024 09:07:41.192 INFO [main] org.apache.catalina.startup.HostConfig.deployDirectory Desplegando el directorio [F:\Despliegue-Aplicaciones-Web\apache-tomcat-9.0.84\webapps\docs] de la aplicación web
08-Jan-2024 09:07:41.693 INFO [main] org.apache.catalina.startup.HostConfig.deployDirectory Deployment of web application directory [F:\Despliegue-Aplicaciones-Web\apache-tomcat-9.0.84\webapps\docs] has finished in [500] ms
08-Jan-2024 09:07:41.693 INFO [main] org.apache.catalina.startup.HostConfig.deployDirectory Desplegando el directorio [F:\Despliegue-Aplicaciones-Web\apache-tomcat-9.0.84\webapps\examples] de la aplicación web
08-Jan-2024 09:07:43.616 INFO [main] org.apache.catalina.startup.HostConfig.deployDirectory Deployment of web application directory [F:\Despliegue-Aplicaciones-Web\apache-tomcat-9.0.84\webapps\examples] has finished in [1.923] ms
08-Jan-2024 09:07:43.616 INFO [main] org.apache.catalina.startup.HostConfig.deployDirectory Desplegando el directorio [F:\Despliegue-Aplicaciones-Web\apache-tomcat-9.0.84\webapps\host-manager] de la aplicación web
08-Jan-2024 09:07:43.731 INFO [main] org.apache.catalina.startup.HostConfig.deployDirectory Deployment of web application directory [F:\Despliegue-Aplicaciones-Web\apache-tomcat-9.0.84\webapps\host-manager] has finished in [115] ms
08-Jan-2024 09:07:43.731 INFO [main] org.apache.catalina.startup.HostConfig.deployDirectory Desplegando el directorio [F:\Despliegue-Aplicaciones-Web\apache-tomcat-9.0.84\webapps\manager] de la aplicación web
08-Jan-2024 09:07:43.898 INFO [main] org.apache.catalina.startup.HostConfig.deployDirectory Deployment of web application directory [F:\Despliegue-Aplicaciones-Web\apache-tomcat-9.0.84\webapps\manager] has finished in [167] ms
08-Jan-2024 09:07:43.899 INFO [main] org.apache.catalina.startup.HostConfig.deployDirectory Desplegando el directorio [F:\Despliegue-Aplicaciones-Web\apache-tomcat-9.0.84\webapps\ROOT] de la aplicación web
08-Jan-2024 09:07:43.989 INFO [main] org.apache.catalina.startup.HostConfig.deployDirectory Deployment of web application directory [F:\Despliegue-Aplicaciones-Web\apache-tomcat-9.0.84\webapps\ROOT] has finished in [91] ms
08-Jan-2024 09:07:43.992 INFO [main] org.apache.coyote.AbstractProtocol.start Starting ProtocolHandler ["http-nio-8080"]
08-Jan-2024 09:07:47.032 INFO [main] org.apache.catalina.startup.Catalina.start Server startup in [6575] milliseconds
08-Jan-2024 09:09:22.448 INFO [http-nio-8080-exec-5] org.apache.catalina.startup.HostConfig.undeploy Repliegue (undeploy) de la aplicación web que tiene como trayectoria de contexto [/tienda-GAME]
08-Jan-2024 09:09:22.480 INFO [http-nio-8080-exec-7] org.apache.catalina.startup.HostConfig.deployDescriptor Desplieque del descriptor de configuración [F:\Despliegue-Aplicaciones-Web\apache-tomcat-9.0.84\conf\Catalina\localhost\tienda-GAME.xml]
08-Jan-2024 09:09:22.482 WARNING [http-nio-8080-exec-7] org.apache.catalina.startup.HostConfig.deployDescriptor The path attribute with value [/tienda-GAME] in deployment descriptor [F:\Despliegue-Aplicaciones-Web\apache-tomcat-9.0.84\conf\Catalina\localhost\tienda-GAME.xml] has been ignored
08-Jan-2024 09:09:24.017 INFO [http-nio-8080-exec-7] org.apache.jasper.servlet.TldScanner.scanJars Al menos un JAR, que se ha explorado buscando TLDs, aún no contenía TLDs. Activar historial de depuración para este historiador para una completa lista de los JARs que fueron explorados y de los que nos se halló TLDs. Saltarse JARs no necesarios durante la exploración puede dar lugar a una mejora de tiempo significativa en el arranque y compilación de JSP .
08-Jan-2024 09:09:24.024 INFO [http-nio-8080-exec-7] org.apache.catalina.startup.HostConfig.deployDescriptor Deployment of deployment descriptor [F:\Despliegue-Aplicaciones-Web\apache-tomcat-9.0.84\conf\Catalina\localhost\tienda-GAME.xml] has finished in [1.544] ms
08-Jan-2024 09:09:24.030 INFO [http-nio-8080-exec-1] org.apache.catalina.util.LifecycleBase.start The start() method was called on component [StandardEngine[Catalina].StandardHost[localhost].StandardContext[/tienda-GAME]] after start() had already been called. The second call will be ignored.
