06-Jan-2024 18:01:26.416 INFO [main] org.apache.catalina.startup.VersionLoggerListener.log Server version name:   Apache Tomcat/9.0.84
06-Jan-2024 18:01:26.421 INFO [main] org.apache.catalina.startup.VersionLoggerListener.log Server built:          Dec 7 2023 19:27:40 UTC
06-Jan-2024 18:01:26.421 INFO [main] org.apache.catalina.startup.VersionLoggerListener.log Server version number: 9.0.84.0
06-Jan-2024 18:01:26.421 INFO [main] org.apache.catalina.startup.VersionLoggerListener.log OS Name:               Windows 11
06-Jan-2024 18:01:26.423 INFO [main] org.apache.catalina.startup.VersionLoggerListener.log OS Version:            10.0
06-Jan-2024 18:01:26.423 INFO [main] org.apache.catalina.startup.VersionLoggerListener.log Architecture:          amd64
06-Jan-2024 18:01:26.423 INFO [main] org.apache.catalina.startup.VersionLoggerListener.log Java Home:             C:\Program Files\Java\jdk-21
06-Jan-2024 18:01:26.423 INFO [main] org.apache.catalina.startup.VersionLoggerListener.log JVM Version:           21.0.1+12-LTS-29
06-Jan-2024 18:01:26.423 INFO [main] org.apache.catalina.startup.VersionLoggerListener.log JVM Vendor:            Oracle Corporation
06-Jan-2024 18:01:26.423 INFO [main] org.apache.catalina.startup.VersionLoggerListener.log CATALINA_BASE:         C:\Users\aniba\Desktop\Despliegue-Aplicaciones-Web\apache-tomcat-9.0.84
06-Jan-2024 18:01:26.424 INFO [main] org.apache.catalina.startup.VersionLoggerListener.log CATALINA_HOME:         C:\Users\aniba\Desktop\Despliegue-Aplicaciones-Web\apache-tomcat-9.0.84
06-Jan-2024 18:01:26.432 INFO [main] org.apache.catalina.startup.VersionLoggerListener.log Command line argument: --add-opens=java.base/java.lang=ALL-UNNAMED
06-Jan-2024 18:01:26.432 INFO [main] org.apache.catalina.startup.VersionLoggerListener.log Command line argument: --add-opens=java.base/java.io=ALL-UNNAMED
06-Jan-2024 18:01:26.432 INFO [main] org.apache.catalina.startup.VersionLoggerListener.log Command line argument: --add-opens=java.base/java.util=ALL-UNNAMED
06-Jan-2024 18:01:26.432 INFO [main] org.apache.catalina.startup.VersionLoggerListener.log Command line argument: --add-opens=java.base/java.util.concurrent=ALL-UNNAMED
06-Jan-2024 18:01:26.432 INFO [main] org.apache.catalina.startup.VersionLoggerListener.log Command line argument: --add-opens=java.rmi/sun.rmi.transport=ALL-UNNAMED
06-Jan-2024 18:01:26.432 INFO [main] org.apache.catalina.startup.VersionLoggerListener.log Command line argument: -Djava.util.logging.config.file=C:\Users\aniba\Desktop\Despliegue-Aplicaciones-Web\apache-tomcat-9.0.84\conf\logging.properties
06-Jan-2024 18:01:26.432 INFO [main] org.apache.catalina.startup.VersionLoggerListener.log Command line argument: -Djava.util.logging.manager=org.apache.juli.ClassLoaderLogManager
06-Jan-2024 18:01:26.432 INFO [main] org.apache.catalina.startup.VersionLoggerListener.log Command line argument: -Djdk.tls.ephemeralDHKeySize=2048
06-Jan-2024 18:01:26.432 INFO [main] org.apache.catalina.startup.VersionLoggerListener.log Command line argument: -Djava.protocol.handler.pkgs=org.apache.catalina.webresources
06-Jan-2024 18:01:26.432 INFO [main] org.apache.catalina.startup.VersionLoggerListener.log Command line argument: -Dignore.endorsed.dirs=
06-Jan-2024 18:01:26.433 INFO [main] org.apache.catalina.startup.VersionLoggerListener.log Command line argument: -Dcatalina.base=C:\Users\aniba\Desktop\Despliegue-Aplicaciones-Web\apache-tomcat-9.0.84
06-Jan-2024 18:01:26.433 INFO [main] org.apache.catalina.startup.VersionLoggerListener.log Command line argument: -Dcatalina.home=C:\Users\aniba\Desktop\Despliegue-Aplicaciones-Web\apache-tomcat-9.0.84
06-Jan-2024 18:01:26.433 INFO [main] org.apache.catalina.startup.VersionLoggerListener.log Command line argument: -Djava.io.tmpdir=C:\Users\aniba\Desktop\Despliegue-Aplicaciones-Web\apache-tomcat-9.0.84\temp
06-Jan-2024 18:01:26.438 INFO [main] org.apache.catalina.core.AprLifecycleListener.lifecycleEvent The Apache Tomcat Native library which allows using OpenSSL was not found on the java.library.path: [C:\Program Files\Java\jdk-21\bin;C:\Windows\Sun\Java\bin;C:\Windows\system32;C:\Windows;C:\Program Files\Common Files\Oracle\Java\javapath;C:\Windows\system32;C:\Windows;C:\Windows\System32\Wbem;C:\Windows\System32\WindowsPowerShell\v1.0\;C:\Windows\System32\OpenSSH\;C:\Program Files\NVIDIA Corporation\NVIDIA NvDLISR;C:\Program Files (x86)\NVIDIA Corporation\PhysX\Common;C:\Program Files\dotnet\;C:\Users\aniba\AppData\Local\Microsoft\WindowsApps;C:\Users\aniba\AppData\Local\Programs\Microsoft VS Code\bin;C:\Users\aniba\AppData\Local\GitHubDesktop\bin;.]
06-Jan-2024 18:01:26.944 INFO [main] org.apache.coyote.AbstractProtocol.init Initializing ProtocolHandler ["http-nio-8080"]
06-Jan-2024 18:01:26.968 INFO [main] org.apache.catalina.startup.Catalina.load Server initialization in [742] milliseconds
06-Jan-2024 18:01:27.025 INFO [main] org.apache.catalina.core.StandardService.startInternal Starting service [Catalina]
06-Jan-2024 18:01:27.026 INFO [main] org.apache.catalina.core.StandardEngine.startInternal Starting Servlet engine: [Apache Tomcat/9.0.84]
06-Jan-2024 18:01:27.035 INFO [main] org.apache.catalina.startup.HostConfig.deployDescriptor Deploying deployment descriptor [C:\Users\aniba\Desktop\Despliegue-Aplicaciones-Web\apache-tomcat-9.0.84\conf\Catalina\localhost\tienda-videojuegos.xml]
06-Jan-2024 18:01:27.051 WARNING [main] org.apache.catalina.startup.HostConfig.deployDescriptor The path attribute with value [/tienda-videojuegos] in deployment descriptor [C:\Users\aniba\Desktop\Despliegue-Aplicaciones-Web\apache-tomcat-9.0.84\conf\Catalina\localhost\tienda-videojuegos.xml] has been ignored
06-Jan-2024 18:01:27.059 WARNING [main] org.apache.catalina.startup.HostConfig.deployDescriptor A docBase [C:\Users\aniba\Desktop\Despliegue-Aplicaciones-Web\apache-tomcat-9.0.84\webapps\home\apg\Desktop\Despliegue-Aplicaciones-Web\tienda-videojuegos\build\web] inside the host appBase has been specified, and will be ignored
06-Jan-2024 18:01:27.088 SEVERE [main] org.apache.catalina.startup.HostConfig.deployDescriptor Error deploying deployment descriptor [C:\Users\aniba\Desktop\Despliegue-Aplicaciones-Web\apache-tomcat-9.0.84\conf\Catalina\localhost\tienda-videojuegos.xml]
	java.lang.IllegalStateException: Error starting child
		at org.apache.catalina.core.ContainerBase.addChildInternal(ContainerBase.java:686)
		at org.apache.catalina.core.ContainerBase.addChild(ContainerBase.java:658)
		at org.apache.catalina.core.StandardHost.addChild(StandardHost.java:661)
		at org.apache.catalina.startup.HostConfig.deployDescriptor(HostConfig.java:691)
		at org.apache.catalina.startup.HostConfig$DeployDescriptor.run(HostConfig.java:1897)
		at java.base/java.util.concurrent.Executors$RunnableAdapter.call(Executors.java:572)
		at java.base/java.util.concurrent.FutureTask.run(FutureTask.java:317)
		at org.apache.tomcat.util.threads.InlineExecutorService.execute(InlineExecutorService.java:75)
		at java.base/java.util.concurrent.AbstractExecutorService.submit(AbstractExecutorService.java:123)
		at org.apache.catalina.startup.HostConfig.deployDescriptors(HostConfig.java:584)
		at org.apache.catalina.startup.HostConfig.deployApps(HostConfig.java:474)
		at org.apache.catalina.startup.HostConfig.start(HostConfig.java:1619)
		at org.apache.catalina.startup.HostConfig.lifecycleEvent(HostConfig.java:318)
		at org.apache.catalina.util.LifecycleBase.fireLifecycleEvent(LifecycleBase.java:114)
		at org.apache.catalina.util.LifecycleBase.setStateInternal(LifecycleBase.java:402)
		at org.apache.catalina.util.LifecycleBase.setState(LifecycleBase.java:345)
		at org.apache.catalina.core.ContainerBase.startInternal(ContainerBase.java:893)
		at org.apache.catalina.core.StandardHost.startInternal(StandardHost.java:794)
		at org.apache.catalina.util.LifecycleBase.start(LifecycleBase.java:171)
		at org.apache.catalina.core.ContainerBase$StartChild.call(ContainerBase.java:1332)
		at org.apache.catalina.core.ContainerBase$StartChild.call(ContainerBase.java:1322)
		at java.base/java.util.concurrent.FutureTask.run(FutureTask.java:317)
		at org.apache.tomcat.util.threads.InlineExecutorService.execute(InlineExecutorService.java:75)
		at java.base/java.util.concurrent.AbstractExecutorService.submit(AbstractExecutorService.java:145)
		at org.apache.catalina.core.ContainerBase.startInternal(ContainerBase.java:866)
		at org.apache.catalina.core.StandardEngine.startInternal(StandardEngine.java:248)
		at org.apache.catalina.util.LifecycleBase.start(LifecycleBase.java:171)
		at org.apache.catalina.core.StandardService.startInternal(StandardService.java:433)
		at org.apache.catalina.util.LifecycleBase.start(LifecycleBase.java:171)
		at org.apache.catalina.core.StandardServer.startInternal(StandardServer.java:921)
		at org.apache.catalina.util.LifecycleBase.start(LifecycleBase.java:171)
		at org.apache.catalina.startup.Catalina.start(Catalina.java:772)
		at java.base/jdk.internal.reflect.DirectMethodHandleAccessor.invoke(DirectMethodHandleAccessor.java:103)
		at java.base/java.lang.reflect.Method.invoke(Method.java:580)
		at org.apache.catalina.startup.Bootstrap.start(Bootstrap.java:347)
		at org.apache.catalina.startup.Bootstrap.main(Bootstrap.java:478)
	Caused by: org.apache.catalina.LifecycleException: Failed to start component [org.apache.catalina.webresources.StandardRoot@3224a577]
		at org.apache.catalina.util.LifecycleBase.handleSubClassException(LifecycleBase.java:419)
		at org.apache.catalina.util.LifecycleBase.start(LifecycleBase.java:186)
		at org.apache.catalina.core.StandardContext.resourcesStart(StandardContext.java:4575)
		at org.apache.catalina.core.StandardContext.startInternal(StandardContext.java:4708)
		at org.apache.catalina.util.LifecycleBase.start(LifecycleBase.java:171)
		at org.apache.catalina.core.ContainerBase.addChildInternal(ContainerBase.java:683)
		... 35 more
	Caused by: java.lang.IllegalArgumentException: The main resource set specified [C:\Users\aniba\Desktop\Despliegue-Aplicaciones-Web\apache-tomcat-9.0.84\webapps\tienda-videojuegos] is not a directory or war file, or is not readable (it does not exist or permissions to access it are missing)
		at org.apache.catalina.webresources.StandardRoot.createMainResourceSet(StandardRoot.java:749)
		at org.apache.catalina.webresources.StandardRoot.startInternal(StandardRoot.java:707)
		at org.apache.catalina.util.LifecycleBase.start(LifecycleBase.java:171)
		... 39 more
06-Jan-2024 18:01:27.124 INFO [main] org.apache.catalina.startup.HostConfig.deployDescriptor Deployment of deployment descriptor [C:\Users\aniba\Desktop\Despliegue-Aplicaciones-Web\apache-tomcat-9.0.84\conf\Catalina\localhost\tienda-videojuegos.xml] has finished in [88] ms
06-Jan-2024 18:01:27.124 INFO [main] org.apache.catalina.startup.HostConfig.deployDirectory Deploying web application directory [C:\Users\aniba\Desktop\Despliegue-Aplicaciones-Web\apache-tomcat-9.0.84\webapps\docs]
06-Jan-2024 18:01:27.447 INFO [main] org.apache.catalina.startup.HostConfig.deployDirectory Deployment of web application directory [C:\Users\aniba\Desktop\Despliegue-Aplicaciones-Web\apache-tomcat-9.0.84\webapps\docs] has finished in [322] ms
06-Jan-2024 18:01:27.447 INFO [main] org.apache.catalina.startup.HostConfig.deployDirectory Deploying web application directory [C:\Users\aniba\Desktop\Despliegue-Aplicaciones-Web\apache-tomcat-9.0.84\webapps\examples]
06-Jan-2024 18:01:28.028 INFO [main] org.apache.catalina.startup.HostConfig.deployDirectory Deployment of web application directory [C:\Users\aniba\Desktop\Despliegue-Aplicaciones-Web\apache-tomcat-9.0.84\webapps\examples] has finished in [581] ms
06-Jan-2024 18:01:28.028 INFO [main] org.apache.catalina.startup.HostConfig.deployDirectory Deploying web application directory [C:\Users\aniba\Desktop\Despliegue-Aplicaciones-Web\apache-tomcat-9.0.84\webapps\host-manager]
06-Jan-2024 18:01:28.070 INFO [main] org.apache.catalina.startup.HostConfig.deployDirectory Deployment of web application directory [C:\Users\aniba\Desktop\Despliegue-Aplicaciones-Web\apache-tomcat-9.0.84\webapps\host-manager] has finished in [41] ms
06-Jan-2024 18:01:28.070 INFO [main] org.apache.catalina.startup.HostConfig.deployDirectory Deploying web application directory [C:\Users\aniba\Desktop\Despliegue-Aplicaciones-Web\apache-tomcat-9.0.84\webapps\manager]
06-Jan-2024 18:01:28.134 INFO [main] org.apache.catalina.startup.HostConfig.deployDirectory Deployment of web application directory [C:\Users\aniba\Desktop\Despliegue-Aplicaciones-Web\apache-tomcat-9.0.84\webapps\manager] has finished in [63] ms
06-Jan-2024 18:01:28.135 INFO [main] org.apache.catalina.startup.HostConfig.deployDirectory Deploying web application directory [C:\Users\aniba\Desktop\Despliegue-Aplicaciones-Web\apache-tomcat-9.0.84\webapps\ROOT]
06-Jan-2024 18:01:28.169 INFO [main] org.apache.catalina.startup.HostConfig.deployDirectory Deployment of web application directory [C:\Users\aniba\Desktop\Despliegue-Aplicaciones-Web\apache-tomcat-9.0.84\webapps\ROOT] has finished in [33] ms
06-Jan-2024 18:01:28.171 INFO [main] org.apache.coyote.AbstractProtocol.start Starting ProtocolHandler ["http-nio-8080"]
06-Jan-2024 18:01:28.199 INFO [main] org.apache.catalina.startup.Catalina.start Server startup in [1229] milliseconds
06-Jan-2024 18:09:54.601 INFO [http-nio-8080-exec-9] org.apache.catalina.startup.HostConfig.deployDescriptor Deploying deployment descriptor [C:\Users\aniba\Desktop\Despliegue-Aplicaciones-Web\apache-tomcat-9.0.84\conf\Catalina\localhost\video-juegos.xml]
06-Jan-2024 18:09:54.602 WARNING [http-nio-8080-exec-9] org.apache.catalina.startup.HostConfig.deployDescriptor The path attribute with value [/video-juegos] in deployment descriptor [C:\Users\aniba\Desktop\Despliegue-Aplicaciones-Web\apache-tomcat-9.0.84\conf\Catalina\localhost\video-juegos.xml] has been ignored
06-Jan-2024 18:09:54.631 INFO [http-nio-8080-exec-9] org.apache.catalina.startup.HostConfig.deployDescriptor Deployment of deployment descriptor [C:\Users\aniba\Desktop\Despliegue-Aplicaciones-Web\apache-tomcat-9.0.84\conf\Catalina\localhost\video-juegos.xml] has finished in [30] ms
06-Jan-2024 18:09:54.634 INFO [http-nio-8080-exec-10] org.apache.catalina.util.LifecycleBase.start The start() method was called on component [StandardEngine[Catalina].StandardHost[localhost].StandardContext[/video-juegos]] after start() had already been called. The second call will be ignored.
