19-Jan-2024 08:55:22.532 INFO [main] org.apache.catalina.startup.VersionLoggerListener.log Nombre de la versión del servidor: Apache Tomcat/9.0.84
19-Jan-2024 08:55:22.540 INFO [main] org.apache.catalina.startup.VersionLoggerListener.log Server built:                      Dec 7 2023 19:27:40 UTC
19-Jan-2024 08:55:22.542 INFO [main] org.apache.catalina.startup.VersionLoggerListener.log Número de versión de servidor:     9.0.84.0
19-Jan-2024 08:55:22.542 INFO [main] org.apache.catalina.startup.VersionLoggerListener.log OS Name:                           Windows 10
19-Jan-2024 08:55:22.542 INFO [main] org.apache.catalina.startup.VersionLoggerListener.log Versión de Systema Operativo:      10.0
19-Jan-2024 08:55:22.542 INFO [main] org.apache.catalina.startup.VersionLoggerListener.log Arquitectura:                      amd64
19-Jan-2024 08:55:22.542 INFO [main] org.apache.catalina.startup.VersionLoggerListener.log Java Home:                         C:\Program Files\Java\jdk-20
19-Jan-2024 08:55:22.543 INFO [main] org.apache.catalina.startup.VersionLoggerListener.log JVM Version:                       20.0.2+9-78
19-Jan-2024 08:55:22.543 INFO [main] org.apache.catalina.startup.VersionLoggerListener.log Vededor JVM:                       Oracle Corporation
19-Jan-2024 08:55:22.543 INFO [main] org.apache.catalina.startup.VersionLoggerListener.log CATALINA_BASE:                     F:\Despliegue-Aplicaciones-Web\apache-tomcat-9.0.84
19-Jan-2024 08:55:22.543 INFO [main] org.apache.catalina.startup.VersionLoggerListener.log CATALINA_HOME:                     F:\Despliegue-Aplicaciones-Web\apache-tomcat-9.0.84
19-Jan-2024 08:55:22.562 INFO [main] org.apache.catalina.startup.VersionLoggerListener.log Command line argument:             --add-opens=java.base/java.lang=ALL-UNNAMED
19-Jan-2024 08:55:22.563 INFO [main] org.apache.catalina.startup.VersionLoggerListener.log Command line argument:             --add-opens=java.base/java.io=ALL-UNNAMED
19-Jan-2024 08:55:22.563 INFO [main] org.apache.catalina.startup.VersionLoggerListener.log Command line argument:             --add-opens=java.base/java.util=ALL-UNNAMED
19-Jan-2024 08:55:22.563 INFO [main] org.apache.catalina.startup.VersionLoggerListener.log Command line argument:             --add-opens=java.base/java.util.concurrent=ALL-UNNAMED
19-Jan-2024 08:55:22.563 INFO [main] org.apache.catalina.startup.VersionLoggerListener.log Command line argument:             --add-opens=java.rmi/sun.rmi.transport=ALL-UNNAMED
19-Jan-2024 08:55:22.563 INFO [main] org.apache.catalina.startup.VersionLoggerListener.log Command line argument:             -Djava.util.logging.config.file=F:\Despliegue-Aplicaciones-Web\apache-tomcat-9.0.84\conf\logging.properties
19-Jan-2024 08:55:22.563 INFO [main] org.apache.catalina.startup.VersionLoggerListener.log Command line argument:             -Djava.util.logging.manager=org.apache.juli.ClassLoaderLogManager
19-Jan-2024 08:55:22.563 INFO [main] org.apache.catalina.startup.VersionLoggerListener.log Command line argument:             -Djdk.tls.ephemeralDHKeySize=2048
19-Jan-2024 08:55:22.564 INFO [main] org.apache.catalina.startup.VersionLoggerListener.log Command line argument:             -Djava.protocol.handler.pkgs=org.apache.catalina.webresources
19-Jan-2024 08:55:22.564 INFO [main] org.apache.catalina.startup.VersionLoggerListener.log Command line argument:             -Dignore.endorsed.dirs=
19-Jan-2024 08:55:22.564 INFO [main] org.apache.catalina.startup.VersionLoggerListener.log Command line argument:             -Dcatalina.base=F:\Despliegue-Aplicaciones-Web\apache-tomcat-9.0.84
19-Jan-2024 08:55:22.564 INFO [main] org.apache.catalina.startup.VersionLoggerListener.log Command line argument:             -Dcatalina.home=F:\Despliegue-Aplicaciones-Web\apache-tomcat-9.0.84
19-Jan-2024 08:55:22.564 INFO [main] org.apache.catalina.startup.VersionLoggerListener.log Command line argument:             -Djava.io.tmpdir=F:\Despliegue-Aplicaciones-Web\apache-tomcat-9.0.84\temp
19-Jan-2024 08:55:22.575 INFO [main] org.apache.catalina.core.AprLifecycleListener.lifecycleEvent La biblioteca nativa de Apache Tomcat basada en ARP que permite un rendimiento óptimo en entornos de desarrollo no ha sido hallada en java.library.path: [C:\Program Files\Java\jdk-20\bin;C:\Windows\Sun\Java\bin;C:\Windows\system32;C:\Windows;C:\Program Files\Common Files\Oracle\Java\javapath;C:\Windows\system32;C:\Windows;C:\Windows\System32\Wbem;C:\Windows\System32\WindowsPowerShell\v1.0\;C:\Windows\System32\OpenSSH\;C:\Program Files\Microsoft VS Code\bin;C:\Users\Anibal\AppData\Local\Microsoft\WindowsApps;C:\Users\Anibal\AppData\Local\GitHubDesktop\bin;.]
19-Jan-2024 08:55:24.164 INFO [main] org.apache.coyote.AbstractProtocol.init Inicializando el manejador de protocolo ["http-nio-8080"]

19-Jan-2024 08:55:24.452 INFO [main] org.apache.catalina.startup.Catalina.load Server initialization in [6027] milliseconds
19-Jan-2024 08:55:24.860 INFO [main] org.apache.catalina.core.StandardService.startInternal Arrancando servicio [Catalina]
19-Jan-2024 08:55:24.861 INFO [main] org.apache.catalina.core.StandardEngine.startInternal Starting Servlet engine: [Apache Tomcat/9.0.84]
19-Jan-2024 08:55:24.881 INFO [main] org.apache.catalina.startup.HostConfig.deployDescriptor Desplieque del descriptor de configuración [F:\Despliegue-Aplicaciones-Web\apache-tomcat-9.0.84\conf\Catalina\localhost\prueba-juego.xml]
19-Jan-2024 08:55:24.930 WARNING [main] org.apache.catalina.startup.HostConfig.deployDescriptor The path attribute with value [/prueba-juego] in deployment descriptor [F:\Despliegue-Aplicaciones-Web\apache-tomcat-9.0.84\conf\Catalina\localhost\prueba-juego.xml] has been ignored
19-Jan-2024 08:55:25.129 SEVERE [main] org.apache.catalina.startup.HostConfig.deployDescriptor Error durante el despliegue del descriptor de configuración [F:\Despliegue-Aplicaciones-Web\apache-tomcat-9.0.84\conf\Catalina\localhost\prueba-juego.xml]
	java.lang.IllegalStateException: Error starting child
		at org.apache.catalina.core.ContainerBase.addChildInternal(ContainerBase.java:686)
		at org.apache.catalina.core.ContainerBase.addChild(ContainerBase.java:658)
		at org.apache.catalina.core.StandardHost.addChild(StandardHost.java:661)
		at org.apache.catalina.startup.HostConfig.deployDescriptor(HostConfig.java:691)
		at org.apache.catalina.startup.HostConfig$DeployDescriptor.run(HostConfig.java:1897)
		at java.base/java.util.concurrent.Executors$RunnableAdapter.call(Executors.java:577)
		at java.base/java.util.concurrent.FutureTask.run(FutureTask.java:317)
		at org.apache.tomcat.util.threads.InlineExecutorService.execute(InlineExecutorService.java:75)
		at java.base/java.util.concurrent.AbstractExecutorService.submit(AbstractExecutorService.java:123)
		at org.apache.catalina.startup.HostConfig.deployDescriptors(HostConfig.java:584)
		at org.apache.catalina.startup.HostConfig.deployApps(HostConfig.java:474)
		at org.apache.catalina.startup.HostConfig.start(HostConfig.java:1619)
		at org.apache.catalina.startup.HostConfig.lifecycleEvent(HostConfig.java:318)
		at org.apache.catalina.util.LifecycleBase.fireLifecycleEvent(LifecycleBase.java:114)
		at org.apache.catalina.util.LifecycleBase.setStateInternal(LifecycleBase.java:402)
		at org.apache.catalina.util.LifecycleBase.setState(LifecycleBase.java:345)
		at org.apache.catalina.core.ContainerBase.startInternal(ContainerBase.java:893)
		at org.apache.catalina.core.StandardHost.startInternal(StandardHost.java:794)
		at org.apache.catalina.util.LifecycleBase.start(LifecycleBase.java:171)
		at org.apache.catalina.core.ContainerBase$StartChild.call(ContainerBase.java:1332)
		at org.apache.catalina.core.ContainerBase$StartChild.call(ContainerBase.java:1322)
		at java.base/java.util.concurrent.FutureTask.run(FutureTask.java:317)
		at org.apache.tomcat.util.threads.InlineExecutorService.execute(InlineExecutorService.java:75)
		at java.base/java.util.concurrent.AbstractExecutorService.submit(AbstractExecutorService.java:145)
		at org.apache.catalina.core.ContainerBase.startInternal(ContainerBase.java:866)
		at org.apache.catalina.core.StandardEngine.startInternal(StandardEngine.java:248)
		at org.apache.catalina.util.LifecycleBase.start(LifecycleBase.java:171)
		at org.apache.catalina.core.StandardService.startInternal(StandardService.java:433)
		at org.apache.catalina.util.LifecycleBase.start(LifecycleBase.java:171)
		at org.apache.catalina.core.StandardServer.startInternal(StandardServer.java:921)
		at org.apache.catalina.util.LifecycleBase.start(LifecycleBase.java:171)
		at org.apache.catalina.startup.Catalina.start(Catalina.java:772)
		at java.base/jdk.internal.reflect.DirectMethodHandleAccessor.invoke(DirectMethodHandleAccessor.java:104)
		at java.base/java.lang.reflect.Method.invoke(Method.java:578)
		at org.apache.catalina.startup.Bootstrap.start(Bootstrap.java:347)
		at org.apache.catalina.startup.Bootstrap.main(Bootstrap.java:478)
	Caused by: org.apache.catalina.LifecycleException: Failed to start component [org.apache.catalina.webresources.StandardRoot@1bab8268]
		at org.apache.catalina.util.LifecycleBase.handleSubClassException(LifecycleBase.java:419)
		at org.apache.catalina.util.LifecycleBase.start(LifecycleBase.java:186)
		at org.apache.catalina.core.StandardContext.resourcesStart(StandardContext.java:4575)
		at org.apache.catalina.core.StandardContext.startInternal(StandardContext.java:4708)
		at org.apache.catalina.util.LifecycleBase.start(LifecycleBase.java:171)
		at org.apache.catalina.core.ContainerBase.addChildInternal(ContainerBase.java:683)
		... 35 more
	Caused by: java.lang.IllegalArgumentException: The main resource set specified [C:\Users\aniba\Desktop\Despliegue-Aplicaciones-Web\prueba-juego\build\web] is not a directory or war file, or is not readable (it does not exist or permissions to access it are missing)
		at org.apache.catalina.webresources.StandardRoot.createMainResourceSet(StandardRoot.java:749)
		at org.apache.catalina.webresources.StandardRoot.startInternal(StandardRoot.java:707)
		at org.apache.catalina.util.LifecycleBase.start(LifecycleBase.java:171)
		... 39 more
19-Jan-2024 08:55:25.223 INFO [main] org.apache.catalina.startup.HostConfig.deployDescriptor Deployment of deployment descriptor [F:\Despliegue-Aplicaciones-Web\apache-tomcat-9.0.84\conf\Catalina\localhost\prueba-juego.xml] has finished in [270] ms
19-Jan-2024 08:55:25.224 INFO [main] org.apache.catalina.startup.HostConfig.deployDescriptor Desplieque del descriptor de configuración [F:\Despliegue-Aplicaciones-Web\apache-tomcat-9.0.84\conf\Catalina\localhost\tienda-GAME.xml]
19-Jan-2024 08:55:25.225 WARNING [main] org.apache.catalina.startup.HostConfig.deployDescriptor The path attribute with value [/tienda-GAME] in deployment descriptor [F:\Despliegue-Aplicaciones-Web\apache-tomcat-9.0.84\conf\Catalina\localhost\tienda-GAME.xml] has been ignored
19-Jan-2024 08:55:27.687 INFO [main] org.apache.jasper.servlet.TldScanner.scanJars Al menos un JAR, que se ha explorado buscando TLDs, aún no contenía TLDs. Activar historial de depuración para este historiador para una completa lista de los JARs que fueron explorados y de los que nos se halló TLDs. Saltarse JARs no necesarios durante la exploración puede dar lugar a una mejora de tiempo significativa en el arranque y compilación de JSP .
19-Jan-2024 08:55:27.882 INFO [main] org.apache.catalina.startup.HostConfig.deployDescriptor Deployment of deployment descriptor [F:\Despliegue-Aplicaciones-Web\apache-tomcat-9.0.84\conf\Catalina\localhost\tienda-GAME.xml] has finished in [2.657] ms
19-Jan-2024 08:55:27.882 INFO [main] org.apache.catalina.startup.HostConfig.deployDescriptor Desplieque del descriptor de configuración [F:\Despliegue-Aplicaciones-Web\apache-tomcat-9.0.84\conf\Catalina\localhost\tienda-videojuegos.xml]
19-Jan-2024 08:55:27.884 WARNING [main] org.apache.catalina.startup.HostConfig.deployDescriptor The path attribute with value [/tienda-videojuegos] in deployment descriptor [F:\Despliegue-Aplicaciones-Web\apache-tomcat-9.0.84\conf\Catalina\localhost\tienda-videojuegos.xml] has been ignored
19-Jan-2024 08:55:27.885 WARNING [main] org.apache.catalina.startup.HostConfig.deployDescriptor Se ha especificado un docBase [F:\Despliegue-Aplicaciones-Web\apache-tomcat-9.0.84\webapps\home\apg\Desktop\Despliegue-Aplicaciones-Web\tienda-videojuegos\build\web] dentro del appBase de la máquina y será ignorado
19-Jan-2024 08:55:27.891 SEVERE [main] org.apache.catalina.startup.HostConfig.deployDescriptor Error durante el despliegue del descriptor de configuración [F:\Despliegue-Aplicaciones-Web\apache-tomcat-9.0.84\conf\Catalina\localhost\tienda-videojuegos.xml]
	java.lang.IllegalStateException: Error starting child
		at org.apache.catalina.core.ContainerBase.addChildInternal(ContainerBase.java:686)
		at org.apache.catalina.core.ContainerBase.addChild(ContainerBase.java:658)
		at org.apache.catalina.core.StandardHost.addChild(StandardHost.java:661)
		at org.apache.catalina.startup.HostConfig.deployDescriptor(HostConfig.java:691)
		at org.apache.catalina.startup.HostConfig$DeployDescriptor.run(HostConfig.java:1897)
		at java.base/java.util.concurrent.Executors$RunnableAdapter.call(Executors.java:577)
		at java.base/java.util.concurrent.FutureTask.run(FutureTask.java:317)
		at org.apache.tomcat.util.threads.InlineExecutorService.execute(InlineExecutorService.java:75)
		at java.base/java.util.concurrent.AbstractExecutorService.submit(AbstractExecutorService.java:123)
		at org.apache.catalina.startup.HostConfig.deployDescriptors(HostConfig.java:584)
		at org.apache.catalina.startup.HostConfig.deployApps(HostConfig.java:474)
		at org.apache.catalina.startup.HostConfig.start(HostConfig.java:1619)
		at org.apache.catalina.startup.HostConfig.lifecycleEvent(HostConfig.java:318)
		at org.apache.catalina.util.LifecycleBase.fireLifecycleEvent(LifecycleBase.java:114)
		at org.apache.catalina.util.LifecycleBase.setStateInternal(LifecycleBase.java:402)
		at org.apache.catalina.util.LifecycleBase.setState(LifecycleBase.java:345)
		at org.apache.catalina.core.ContainerBase.startInternal(ContainerBase.java:893)
		at org.apache.catalina.core.StandardHost.startInternal(StandardHost.java:794)
		at org.apache.catalina.util.LifecycleBase.start(LifecycleBase.java:171)
		at org.apache.catalina.core.ContainerBase$StartChild.call(ContainerBase.java:1332)
		at org.apache.catalina.core.ContainerBase$StartChild.call(ContainerBase.java:1322)
		at java.base/java.util.concurrent.FutureTask.run(FutureTask.java:317)
		at org.apache.tomcat.util.threads.InlineExecutorService.execute(InlineExecutorService.java:75)
		at java.base/java.util.concurrent.AbstractExecutorService.submit(AbstractExecutorService.java:145)
		at org.apache.catalina.core.ContainerBase.startInternal(ContainerBase.java:866)
		at org.apache.catalina.core.StandardEngine.startInternal(StandardEngine.java:248)
		at org.apache.catalina.util.LifecycleBase.start(LifecycleBase.java:171)
		at org.apache.catalina.core.StandardService.startInternal(StandardService.java:433)
		at org.apache.catalina.util.LifecycleBase.start(LifecycleBase.java:171)
		at org.apache.catalina.core.StandardServer.startInternal(StandardServer.java:921)
		at org.apache.catalina.util.LifecycleBase.start(LifecycleBase.java:171)
		at org.apache.catalina.startup.Catalina.start(Catalina.java:772)
		at java.base/jdk.internal.reflect.DirectMethodHandleAccessor.invoke(DirectMethodHandleAccessor.java:104)
		at java.base/java.lang.reflect.Method.invoke(Method.java:578)
		at org.apache.catalina.startup.Bootstrap.start(Bootstrap.java:347)
		at org.apache.catalina.startup.Bootstrap.main(Bootstrap.java:478)
	Caused by: org.apache.catalina.LifecycleException: Failed to start component [org.apache.catalina.webresources.StandardRoot@6569dded]
		at org.apache.catalina.util.LifecycleBase.handleSubClassException(LifecycleBase.java:419)
		at org.apache.catalina.util.LifecycleBase.start(LifecycleBase.java:186)
		at org.apache.catalina.core.StandardContext.resourcesStart(StandardContext.java:4575)
		at org.apache.catalina.core.StandardContext.startInternal(StandardContext.java:4708)
		at org.apache.catalina.util.LifecycleBase.start(LifecycleBase.java:171)
		at org.apache.catalina.core.ContainerBase.addChildInternal(ContainerBase.java:683)
		... 35 more
	Caused by: java.lang.IllegalArgumentException: The main resource set specified [F:\Despliegue-Aplicaciones-Web\apache-tomcat-9.0.84\webapps\tienda-videojuegos] is not a directory or war file, or is not readable (it does not exist or permissions to access it are missing)
		at org.apache.catalina.webresources.StandardRoot.createMainResourceSet(StandardRoot.java:749)
		at org.apache.catalina.webresources.StandardRoot.startInternal(StandardRoot.java:707)
		at org.apache.catalina.util.LifecycleBase.start(LifecycleBase.java:171)
		... 39 more
19-Jan-2024 08:55:27.909 INFO [main] org.apache.catalina.startup.HostConfig.deployDescriptor Deployment of deployment descriptor [F:\Despliegue-Aplicaciones-Web\apache-tomcat-9.0.84\conf\Catalina\localhost\tienda-videojuegos.xml] has finished in [26] ms
19-Jan-2024 08:55:27.910 INFO [main] org.apache.catalina.startup.HostConfig.deployDirectory Desplegando el directorio [F:\Despliegue-Aplicaciones-Web\apache-tomcat-9.0.84\webapps\docs] de la aplicación web
19-Jan-2024 08:55:28.045 INFO [main] org.apache.catalina.startup.HostConfig.deployDirectory Deployment of web application directory [F:\Despliegue-Aplicaciones-Web\apache-tomcat-9.0.84\webapps\docs] has finished in [134] ms
19-Jan-2024 08:55:28.046 INFO [main] org.apache.catalina.startup.HostConfig.deployDirectory Desplegando el directorio [F:\Despliegue-Aplicaciones-Web\apache-tomcat-9.0.84\webapps\examples] de la aplicación web
19-Jan-2024 08:55:29.511 INFO [main] org.apache.catalina.startup.HostConfig.deployDirectory Deployment of web application directory [F:\Despliegue-Aplicaciones-Web\apache-tomcat-9.0.84\webapps\examples] has finished in [1.464] ms
19-Jan-2024 08:55:29.511 INFO [main] org.apache.catalina.startup.HostConfig.deployDirectory Desplegando el directorio [F:\Despliegue-Aplicaciones-Web\apache-tomcat-9.0.84\webapps\host-manager] de la aplicación web
19-Jan-2024 08:55:29.820 INFO [main] org.apache.catalina.startup.HostConfig.deployDirectory Deployment of web application directory [F:\Despliegue-Aplicaciones-Web\apache-tomcat-9.0.84\webapps\host-manager] has finished in [307] ms
19-Jan-2024 08:55:29.823 INFO [main] org.apache.catalina.startup.HostConfig.deployDirectory Desplegando el directorio [F:\Despliegue-Aplicaciones-Web\apache-tomcat-9.0.84\webapps\manager] de la aplicación web
19-Jan-2024 08:55:29.893 INFO [main] org.apache.catalina.startup.HostConfig.deployDirectory Deployment of web application directory [F:\Despliegue-Aplicaciones-Web\apache-tomcat-9.0.84\webapps\manager] has finished in [71] ms
19-Jan-2024 08:55:29.893 INFO [main] org.apache.catalina.startup.HostConfig.deployDirectory Desplegando el directorio [F:\Despliegue-Aplicaciones-Web\apache-tomcat-9.0.84\webapps\ROOT] de la aplicación web
19-Jan-2024 08:55:30.009 INFO [main] org.apache.catalina.startup.HostConfig.deployDirectory Deployment of web application directory [F:\Despliegue-Aplicaciones-Web\apache-tomcat-9.0.84\webapps\ROOT] has finished in [115] ms
19-Jan-2024 08:55:30.016 INFO [main] org.apache.coyote.AbstractProtocol.start Starting ProtocolHandler ["http-nio-8080"]
19-Jan-2024 08:55:30.128 INFO [main] org.apache.catalina.startup.Catalina.start Server startup in [5674] milliseconds
19-Jan-2024 08:55:43.103 INFO [http-nio-8080-exec-8] org.apache.jasper.servlet.TldScanner.scanJars Al menos un JAR, que se ha explorado buscando TLDs, aún no contenía TLDs. Activar historial de depuración para este historiador para una completa lista de los JARs que fueron explorados y de los que nos se halló TLDs. Saltarse JARs no necesarios durante la exploración puede dar lugar a una mejora de tiempo significativa en el arranque y compilación de JSP .
19-Jan-2024 08:58:50.130 INFO [Catalina-utility-1] org.apache.catalina.users.MemoryUserDatabase.backgroundProcess Reloading memory user database [UserDatabase] from updated source [file:/F:/Despliegue-Aplicaciones-Web/apache-tomcat-9.0.84/conf/tomcat-users.xml]
19-Jan-2024 08:58:50.131 SEVERE [Catalina-utility-1] org.apache.catalina.users.MemoryUserDatabase.open El usuario de base de datos especificado [conf/tomcat-users.xml] no pudo ser encontrado
19-Jan-2024 08:58:50.633 INFO [Catalina-utility-1] org.apache.catalina.startup.HostConfig.undeploy Repliegue (undeploy) de la aplicación web que tiene como trayectoria de contexto []
19-Jan-2024 08:58:51.164 INFO [Catalina-utility-1] org.apache.catalina.startup.HostConfig.undeploy Repliegue (undeploy) de la aplicación web que tiene como trayectoria de contexto [/prueba-juego]
19-Jan-2024 08:58:51.705 INFO [Catalina-utility-1] org.apache.catalina.startup.HostConfig.undeploy Repliegue (undeploy) de la aplicación web que tiene como trayectoria de contexto [/examples]
19-Jan-2024 08:58:52.243 INFO [Catalina-utility-1] org.apache.catalina.startup.HostConfig.undeploy Repliegue (undeploy) de la aplicación web que tiene como trayectoria de contexto [/host-manager]
19-Jan-2024 08:58:52.752 INFO [Catalina-utility-1] org.apache.catalina.startup.HostConfig.undeploy Repliegue (undeploy) de la aplicación web que tiene como trayectoria de contexto [/tienda-GAME]
19-Jan-2024 08:58:52.754 WARNING [Catalina-utility-1] org.apache.catalina.loader.WebappClassLoaderBase.clearReferencesJdbc La aplicación web [tienda-GAME] registró el conductor JDBC [com.mysql.cj.jdbc.Driver] pero falló al anular el registro mientras la aplicación web estaba parada. Para prevenir un fallo de memoria, se ha anulado el registro del conductor JDBC por la fuerza.
19-Jan-2024 08:58:52.754 WARNING [Catalina-utility-1] org.apache.catalina.loader.WebappClassLoaderBase.clearReferencesThreads The web application [tienda-GAME] appears to have started a thread named [mysql-cj-abandoned-connection-cleanup] but has failed to stop it. This is very likely to create a memory leak. Stack trace of thread:
 java.base/jdk.internal.misc.Unsafe.park(Native Method)
 java.base/java.util.concurrent.locks.LockSupport.parkNanos(LockSupport.java:269)
 java.base/java.util.concurrent.locks.AbstractQueuedSynchronizer$ConditionObject.await(AbstractQueuedSynchronizer.java:1847)
 java.base/java.lang.ref.ReferenceQueue.await(ReferenceQueue.java:71)
 java.base/java.lang.ref.ReferenceQueue.remove0(ReferenceQueue.java:143)
 java.base/java.lang.ref.ReferenceQueue.remove(ReferenceQueue.java:218)
 com.mysql.cj.jdbc.AbandonedConnectionCleanupThread.run(AbandonedConnectionCleanupThread.java:91)
 java.base/java.util.concurrent.ThreadPoolExecutor.runWorker(ThreadPoolExecutor.java:1144)
 java.base/java.util.concurrent.ThreadPoolExecutor$Worker.run(ThreadPoolExecutor.java:642)
 java.base/java.lang.Thread.run(Thread.java:1623)
19-Jan-2024 08:58:53.264 INFO [Catalina-utility-1] org.apache.catalina.startup.HostConfig.undeploy Repliegue (undeploy) de la aplicación web que tiene como trayectoria de contexto [/manager]
19-Jan-2024 08:58:53.773 INFO [Catalina-utility-1] org.apache.catalina.startup.HostConfig.undeploy Repliegue (undeploy) de la aplicación web que tiene como trayectoria de contexto [/tienda-videojuegos]
19-Jan-2024 08:58:54.278 INFO [Catalina-utility-1] org.apache.catalina.startup.HostConfig.undeploy Repliegue (undeploy) de la aplicación web que tiene como trayectoria de contexto [/docs]
19-Jan-2024 08:58:54.492 INFO [mysql-cj-abandoned-connection-cleanup] org.apache.catalina.loader.WebappClassLoaderBase.checkStateForResourceLoading Acceso ilegal: esta instancia de aplicación web ya ha sido parada.  Could not load [].  La eventual traza de pila que sigue ha sido motivada por un error lanzado con motivos de depuración así como para intentar terminar el hilo que motivó el acceso ilegal y no tiene impacto funcional.
	java.lang.IllegalStateException: Acceso ilegal: esta instancia de aplicación web ya ha sido parada.  Could not load [].  La eventual traza de pila que sigue ha sido motivada por un error lanzado con motivos de depuración así como para intentar terminar el hilo que motivó el acceso ilegal y no tiene impacto funcional.
		at org.apache.catalina.loader.WebappClassLoaderBase.checkStateForResourceLoading(WebappClassLoaderBase.java:1349)
		at org.apache.catalina.loader.WebappClassLoaderBase.getResource(WebappClassLoaderBase.java:981)
		at com.mysql.cj.jdbc.AbandonedConnectionCleanupThread.checkThreadContextClassLoader(AbandonedConnectionCleanupThread.java:123)
		at com.mysql.cj.jdbc.AbandonedConnectionCleanupThread.run(AbandonedConnectionCleanupThread.java:90)
		at java.base/java.util.concurrent.ThreadPoolExecutor.runWorker(ThreadPoolExecutor.java:1144)
		at java.base/java.util.concurrent.ThreadPoolExecutor$Worker.run(ThreadPoolExecutor.java:642)
		at java.base/java.lang.Thread.run(Thread.java:1623)
