08-Jan-2024 18:00:34.371 INFO [main] org.apache.catalina.startup.VersionLoggerListener.log Server version name:   Apache Tomcat/10.1.17
08-Jan-2024 18:00:34.374 INFO [main] org.apache.catalina.startup.VersionLoggerListener.log Server built:          Dec 7 2023 23:31:38 UTC
08-Jan-2024 18:00:34.375 INFO [main] org.apache.catalina.startup.VersionLoggerListener.log Server version number: 10.1.17.0
08-Jan-2024 18:00:34.375 INFO [main] org.apache.catalina.startup.VersionLoggerListener.log OS Name:               Windows 11
08-Jan-2024 18:00:34.375 INFO [main] org.apache.catalina.startup.VersionLoggerListener.log OS Version:            10.0
08-Jan-2024 18:00:34.375 INFO [main] org.apache.catalina.startup.VersionLoggerListener.log Architecture:          amd64
08-Jan-2024 18:00:34.375 INFO [main] org.apache.catalina.startup.VersionLoggerListener.log Java Home:             C:\Program Files\Java\jdk-21
08-Jan-2024 18:00:34.375 INFO [main] org.apache.catalina.startup.VersionLoggerListener.log JVM Version:           21.0.1+12-LTS-29
08-Jan-2024 18:00:34.376 INFO [main] org.apache.catalina.startup.VersionLoggerListener.log JVM Vendor:            Oracle Corporation
08-Jan-2024 18:00:34.376 INFO [main] org.apache.catalina.startup.VersionLoggerListener.log CATALINA_BASE:         C:\Users\aniba\Documents\apache-tomcat-10.1.17
08-Jan-2024 18:00:34.376 INFO [main] org.apache.catalina.startup.VersionLoggerListener.log CATALINA_HOME:         C:\Users\aniba\Documents\apache-tomcat-10.1.17
08-Jan-2024 18:00:34.384 INFO [main] org.apache.catalina.startup.VersionLoggerListener.log Command line argument: -Djava.util.logging.config.file=C:\Users\aniba\Documents\apache-tomcat-10.1.17\conf\logging.properties
08-Jan-2024 18:00:34.385 INFO [main] org.apache.catalina.startup.VersionLoggerListener.log Command line argument: -Djava.util.logging.manager=org.apache.juli.ClassLoaderLogManager
08-Jan-2024 18:00:34.385 INFO [main] org.apache.catalina.startup.VersionLoggerListener.log Command line argument: -Djdk.tls.ephemeralDHKeySize=2048
08-Jan-2024 18:00:34.385 INFO [main] org.apache.catalina.startup.VersionLoggerListener.log Command line argument: -Djava.protocol.handler.pkgs=org.apache.catalina.webresources
08-Jan-2024 18:00:34.385 INFO [main] org.apache.catalina.startup.VersionLoggerListener.log Command line argument: --add-opens=java.base/java.lang=ALL-UNNAMED
08-Jan-2024 18:00:34.385 INFO [main] org.apache.catalina.startup.VersionLoggerListener.log Command line argument: --add-opens=java.base/java.io=ALL-UNNAMED
08-Jan-2024 18:00:34.385 INFO [main] org.apache.catalina.startup.VersionLoggerListener.log Command line argument: --add-opens=java.base/java.util=ALL-UNNAMED
08-Jan-2024 18:00:34.385 INFO [main] org.apache.catalina.startup.VersionLoggerListener.log Command line argument: --add-opens=java.base/java.util.concurrent=ALL-UNNAMED
08-Jan-2024 18:00:34.385 INFO [main] org.apache.catalina.startup.VersionLoggerListener.log Command line argument: --add-opens=java.rmi/sun.rmi.transport=ALL-UNNAMED
08-Jan-2024 18:00:34.385 INFO [main] org.apache.catalina.startup.VersionLoggerListener.log Command line argument: -Dcatalina.base=C:\Users\aniba\Documents\apache-tomcat-10.1.17
08-Jan-2024 18:00:34.385 INFO [main] org.apache.catalina.startup.VersionLoggerListener.log Command line argument: -Dcatalina.home=C:\Users\aniba\Documents\apache-tomcat-10.1.17
08-Jan-2024 18:00:34.385 INFO [main] org.apache.catalina.startup.VersionLoggerListener.log Command line argument: -Djava.io.tmpdir=C:\Users\aniba\Documents\apache-tomcat-10.1.17\temp
08-Jan-2024 18:00:34.387 INFO [main] org.apache.catalina.core.AprLifecycleListener.lifecycleEvent Loaded Apache Tomcat Native library [2.0.6] using APR version [1.7.4].
08-Jan-2024 18:00:34.392 INFO [main] org.apache.catalina.core.AprLifecycleListener.initializeSSL OpenSSL successfully initialized [OpenSSL 3.0.11 19 Sep 2023]
08-Jan-2024 18:00:34.612 INFO [main] org.apache.coyote.AbstractProtocol.init Initializing ProtocolHandler ["http-nio-8080"]
08-Jan-2024 18:00:34.629 INFO [main] org.apache.catalina.startup.Catalina.load Server initialization in [401] milliseconds
08-Jan-2024 18:00:34.674 INFO [main] org.apache.catalina.core.StandardService.startInternal Starting service [Catalina]
08-Jan-2024 18:00:34.675 INFO [main] org.apache.catalina.core.StandardEngine.startInternal Starting Servlet engine: [Apache Tomcat/10.1.17]
08-Jan-2024 18:00:34.684 INFO [main] org.apache.catalina.startup.HostConfig.deployDirectory Deploying web application directory [C:\Users\aniba\Documents\apache-tomcat-10.1.17\webapps\docs]
08-Jan-2024 18:00:34.923 INFO [main] org.apache.catalina.startup.HostConfig.deployDirectory Deployment of web application directory [C:\Users\aniba\Documents\apache-tomcat-10.1.17\webapps\docs] has finished in [238] ms
08-Jan-2024 18:00:34.923 INFO [main] org.apache.catalina.startup.HostConfig.deployDirectory Deploying web application directory [C:\Users\aniba\Documents\apache-tomcat-10.1.17\webapps\examples]
08-Jan-2024 18:00:35.251 INFO [main] org.apache.catalina.startup.HostConfig.deployDirectory Deployment of web application directory [C:\Users\aniba\Documents\apache-tomcat-10.1.17\webapps\examples] has finished in [327] ms
08-Jan-2024 18:00:35.251 INFO [main] org.apache.catalina.startup.HostConfig.deployDirectory Deploying web application directory [C:\Users\aniba\Documents\apache-tomcat-10.1.17\webapps\host-manager]
08-Jan-2024 18:00:35.281 INFO [main] org.apache.catalina.startup.HostConfig.deployDirectory Deployment of web application directory [C:\Users\aniba\Documents\apache-tomcat-10.1.17\webapps\host-manager] has finished in [29] ms
08-Jan-2024 18:00:35.281 INFO [main] org.apache.catalina.startup.HostConfig.deployDirectory Deploying web application directory [C:\Users\aniba\Documents\apache-tomcat-10.1.17\webapps\manager]
08-Jan-2024 18:00:35.309 INFO [main] org.apache.catalina.startup.HostConfig.deployDirectory Deployment of web application directory [C:\Users\aniba\Documents\apache-tomcat-10.1.17\webapps\manager] has finished in [28] ms
08-Jan-2024 18:00:35.309 INFO [main] org.apache.catalina.startup.HostConfig.deployDirectory Deploying web application directory [C:\Users\aniba\Documents\apache-tomcat-10.1.17\webapps\ROOT]
08-Jan-2024 18:00:35.327 INFO [main] org.apache.catalina.startup.HostConfig.deployDirectory Deployment of web application directory [C:\Users\aniba\Documents\apache-tomcat-10.1.17\webapps\ROOT] has finished in [18] ms
08-Jan-2024 18:00:35.331 INFO [main] org.apache.coyote.AbstractProtocol.start Starting ProtocolHandler ["http-nio-8080"]
08-Jan-2024 18:00:35.347 INFO [main] org.apache.catalina.startup.Catalina.start Server startup in [716] milliseconds
08-Jan-2024 18:00:39.277 WARNING [http-nio-8080-exec-9] org.apache.catalina.realm.LockOutRealm.filterLockedAccounts An attempt was made to authenticate the locked user [nico]
08-Jan-2024 18:00:39.792 WARNING [http-nio-8080-exec-1] org.apache.catalina.realm.LockOutRealm.filterLockedAccounts An attempt was made to authenticate the locked user [nico]
08-Jan-2024 18:00:40.196 WARNING [http-nio-8080-exec-6] org.apache.catalina.realm.LockOutRealm.filterLockedAccounts An attempt was made to authenticate the locked user [nico]
08-Jan-2024 18:00:40.572 WARNING [http-nio-8080-exec-5] org.apache.catalina.realm.LockOutRealm.filterLockedAccounts An attempt was made to authenticate the locked user [nico]
08-Jan-2024 18:00:40.849 WARNING [http-nio-8080-exec-7] org.apache.catalina.realm.LockOutRealm.filterLockedAccounts An attempt was made to authenticate the locked user [nico]
08-Jan-2024 18:00:41.167 WARNING [http-nio-8080-exec-9] org.apache.catalina.realm.LockOutRealm.filterLockedAccounts An attempt was made to authenticate the locked user [nico]
08-Jan-2024 18:01:04.679 WARNING [http-nio-8080-exec-9] org.apache.catalina.realm.LockOutRealm.filterLockedAccounts An attempt was made to authenticate the locked user [nico]
08-Jan-2024 18:01:34.629 WARNING [http-nio-8080-exec-5] org.apache.catalina.realm.LockOutRealm.filterLockedAccounts An attempt was made to authenticate the locked user [nico]
08-Jan-2024 18:01:37.263 WARNING [http-nio-8080-exec-3] org.apache.catalina.realm.LockOutRealm.filterLockedAccounts An attempt was made to authenticate the locked user [nico]
08-Jan-2024 18:01:37.852 WARNING [http-nio-8080-exec-9] org.apache.catalina.realm.LockOutRealm.filterLockedAccounts An attempt was made to authenticate the locked user [nico]
08-Jan-2024 18:01:38.175 WARNING [http-nio-8080-exec-10] org.apache.catalina.realm.LockOutRealm.filterLockedAccounts An attempt was made to authenticate the locked user [nico]
08-Jan-2024 18:01:38.387 WARNING [http-nio-8080-exec-6] org.apache.catalina.realm.LockOutRealm.filterLockedAccounts An attempt was made to authenticate the locked user [nico]
08-Jan-2024 18:01:38.590 WARNING [http-nio-8080-exec-5] org.apache.catalina.realm.LockOutRealm.filterLockedAccounts An attempt was made to authenticate the locked user [nico]
08-Jan-2024 18:01:38.807 WARNING [http-nio-8080-exec-3] org.apache.catalina.realm.LockOutRealm.filterLockedAccounts An attempt was made to authenticate the locked user [nico]
08-Jan-2024 18:01:38.997 WARNING [http-nio-8080-exec-9] org.apache.catalina.realm.LockOutRealm.filterLockedAccounts An attempt was made to authenticate the locked user [nico]
08-Jan-2024 18:01:39.191 WARNING [http-nio-8080-exec-10] org.apache.catalina.realm.LockOutRealm.filterLockedAccounts An attempt was made to authenticate the locked user [nico]
08-Jan-2024 18:01:39.392 WARNING [http-nio-8080-exec-6] org.apache.catalina.realm.LockOutRealm.filterLockedAccounts An attempt was made to authenticate the locked user [nico]
08-Jan-2024 18:01:39.598 WARNING [http-nio-8080-exec-5] org.apache.catalina.realm.LockOutRealm.filterLockedAccounts An attempt was made to authenticate the locked user [nico]
08-Jan-2024 18:01:45.400 INFO [Catalina-utility-2] org.apache.catalina.users.MemoryUserDatabase.backgroundProcess Reloading memory user database [UserDatabase] from updated source [file:/C:/Users/aniba/Documents/apache-tomcat-10.1.17/conf/tomcat-users.xml]
08-Jan-2024 18:02:15.433 INFO [Catalina-utility-2] org.apache.catalina.users.MemoryUserDatabase.backgroundProcess Reloading memory user database [UserDatabase] from updated source [file:/C:/Users/aniba/Documents/apache-tomcat-10.1.17/conf/tomcat-users.xml]
08-Jan-2024 18:02:29.045 INFO [main] org.apache.catalina.core.StandardServer.await A valid shutdown command was received via the shutdown port. Stopping the Server instance.
08-Jan-2024 18:02:29.046 INFO [main] org.apache.coyote.AbstractProtocol.pause Pausing ProtocolHandler ["http-nio-8080"]
08-Jan-2024 18:02:29.048 INFO [main] org.apache.catalina.core.StandardService.stopInternal Stopping service [Catalina]
08-Jan-2024 18:02:29.064 INFO [main] org.apache.coyote.AbstractProtocol.stop Stopping ProtocolHandler ["http-nio-8080"]
08-Jan-2024 18:02:29.083 INFO [main] org.apache.coyote.AbstractProtocol.destroy Destroying ProtocolHandler ["http-nio-8080"]
